#
# There is insufficient memory for the Java Runtime Environment to continue.
# Native memory allocation (mmap) failed to map 91226112 bytes for G1 virtual space
# Possible reasons:
#   The system is out of physical RAM or swap space
#   The process is running with CompressedOops enabled, and the Java Heap may be blocking the growth of the native heap
# Possible solutions:
#   Reduce memory load on the system
#   Increase physical memory or swap space
#   Check if swap backing store is full
#   Decrease Java heap size (-Xmx/-Xms)
#   Decrease number of Java threads
#   Decrease Java thread stack sizes (-Xss)
#   Set larger code cache with -XX:ReservedCodeCacheSize=
#   JVM is running with Unscaled Compressed Oops mode in which the Java heap is
#     placed in the first 4GB address space. The Java Heap base address is the
#     maximum limit for the native heap growth. Please use -XX:HeapBaseMinAddress
#     to set the Java Heap base and to place the Java Heap above 4GB virtual address.
# This output file may be truncated or incomplete.
#
#  Out of Memory Error (os_windows.cpp:3541), pid=19256, tid=14192
#
# JRE version: OpenJDK Runtime Environment Temurin-17.0.4.1+1 (17.0.4.1+1) (build 17.0.4.1+1)
# Java VM: OpenJDK 64-Bit Server VM Temurin-17.0.4.1+1 (17.0.4.1+1, mixed mode, sharing, tiered, compressed oops, compressed class ptrs, g1 gc, windows-amd64)
# No core dump will be written. Minidumps are not enabled by default on client versions of Windows
#

---------------  S U M M A R Y ------------

Command Line: -Dhttps.protocols=TLSv1,TLSv1.1,TLSv1.2 bluej.Boot C:\Users\elena\Desktop\ÌSc\2Semester\xynogalos\EvilChickens\project.greenfoot -greenfoot=true -bluej.compiler.showunchecked=false

Host: Intel(R) Core(TM) i5-8265U CPU @ 1.60GHz, 8 cores, 7G,  Windows 11 , 64 bit Build 22621 (10.0.22621.3085)
Time: Fri May  3 17:02:37 2024  Windows 11 , 64 bit Build 22621 (10.0.22621.3085) elapsed time: 5.302606 seconds (0d 0h 0m 5s)

---------------  T H R E A D  ---------------

Current thread (0x0000020139a28cb0):  VMThread "VM Thread" [stack: 0x000000dbfcc00000,0x000000dbfcd00000] [id=14192]

Stack: [0x000000dbfcc00000,0x000000dbfcd00000]
Native frames: (J=compiled Java code, j=interpreted, Vv=VM code, C=native code)
V  [jvm.dll+0x67731a]
V  [jvm.dll+0x832284]
V  [jvm.dll+0x833a2e]
V  [jvm.dll+0x834093]
V  [jvm.dll+0x245775]
V  [jvm.dll+0x674209]
V  [jvm.dll+0x668a92]
V  [jvm.dll+0x30471b]
V  [jvm.dll+0x30bc66]
V  [jvm.dll+0x35ba9e]
V  [jvm.dll+0x35bccf]
V  [jvm.dll+0x2db5b8]
V  [jvm.dll+0x2d986c]
V  [jvm.dll+0x2d8e3c]
V  [jvm.dll+0x31cd9b]
V  [jvm.dll+0x83853b]
V  [jvm.dll+0x839274]
V  [jvm.dll+0x83978c]
V  [jvm.dll+0x839b64]
V  [jvm.dll+0x839c30]
V  [jvm.dll+0x7e240a]
V  [jvm.dll+0x6761a5]
C  [ucrtbase.dll+0x29363]
C  [KERNEL32.DLL+0x1257d]
C  [ntdll.dll+0x5aa58]

VM_Operation (0x000000db806fd450): G1CollectForAllocation, mode: safepoint, requested by thread 0x0000020144b600b0


---------------  P R O C E S S  ---------------

Threads class SMR info:
_java_thread_list=0x0000020145b49640, length=41, elements={
0x00000201197b0270, 0x0000020139a2c7a0, 0x0000020139a2d410, 0x0000020139a472b0,
0x0000020139a48b80, 0x0000020139a49a50, 0x0000020139a4a310, 0x0000020139a568d0,
0x0000020139a57280, 0x0000020139a5af90, 0x000002013a509bf0, 0x000002013a533920,
0x000002013a54b9f0, 0x000002013a6a3440, 0x000002013ad8bd40, 0x000002013ae218e0,
0x000002013ae17b30, 0x000002013afd4e70, 0x000002013b08bf60, 0x0000020140121bc0,
0x000002013fac9aa0, 0x000002013faca910, 0x000002013fac9f70, 0x000002013facade0,
0x000002013facb2b0, 0x000002013fac78f0, 0x000002013fac7dc0, 0x000002013fac8290,
0x000002013fac8c30, 0x000002013faca440, 0x0000020144b5e8a0, 0x0000020144b5da30,
0x0000020144b5ed70, 0x0000020144b62c00, 0x0000020144b5f710, 0x0000020144b5bd50,
0x0000020144b600b0, 0x0000020144b5df00, 0x0000020144b5c220, 0x0000020144b62730,
0x0000020144b60580
}

Java Threads: ( => current thread )
  0x00000201197b0270 JavaThread "main" [_thread_blocked, id=12592, stack(0x000000dbfc600000,0x000000dbfc700000)]
  0x0000020139a2c7a0 JavaThread "Reference Handler" daemon [_thread_blocked, id=13804, stack(0x000000dbfcd00000,0x000000dbfce00000)]
  0x0000020139a2d410 JavaThread "Finalizer" daemon [_thread_blocked, id=6148, stack(0x000000dbfce00000,0x000000dbfcf00000)]
  0x0000020139a472b0 JavaThread "Signal Dispatcher" daemon [_thread_blocked, id=17480, stack(0x000000dbfcf00000,0x000000dbfd000000)]
  0x0000020139a48b80 JavaThread "Attach Listener" daemon [_thread_blocked, id=14564, stack(0x000000dbfd000000,0x000000dbfd100000)]
  0x0000020139a49a50 JavaThread "Service Thread" daemon [_thread_blocked, id=16780, stack(0x000000dbfd100000,0x000000dbfd200000)]
  0x0000020139a4a310 JavaThread "Monitor Deflation Thread" daemon [_thread_blocked, id=19176, stack(0x000000dbfd200000,0x000000dbfd300000)]
  0x0000020139a568d0 JavaThread "C2 CompilerThread0" daemon [_thread_blocked, id=11368, stack(0x000000dbfd300000,0x000000dbfd400000)]
  0x0000020139a57280 JavaThread "C1 CompilerThread0" daemon [_thread_blocked, id=13856, stack(0x000000dbfd400000,0x000000dbfd500000)]
  0x0000020139a5af90 JavaThread "Sweeper thread" daemon [_thread_blocked, id=18840, stack(0x000000dbfd500000,0x000000dbfd600000)]
  0x000002013a509bf0 JavaThread "Notification Thread" daemon [_thread_blocked, id=5140, stack(0x000000dbfd600000,0x000000dbfd700000)]
  0x000002013a533920 JavaThread "Common-Cleaner" daemon [_thread_blocked, id=15876, stack(0x000000dbfd800000,0x000000dbfd900000)]
  0x000002013a54b9f0 JavaThread "JavaFX-Launcher" [_thread_blocked, id=1692, stack(0x000000dbfd900000,0x000000dbfda00000)]
  0x000002013a6a3440 JavaThread "C2 CompilerThread1" daemon [_thread_blocked, id=18448, stack(0x000000dbfda00000,0x000000dbfdb00000)]
  0x000002013ad8bd40 JavaThread "QuantumRenderer-0" daemon [_thread_blocked, id=16728, stack(0x000000dbfdb00000,0x000000dbfdc00000)]
  0x000002013ae218e0 JavaThread "InvokeLaterDispatcher" daemon [_thread_blocked, id=16804, stack(0x000000dbfdc00000,0x000000dbfdd00000)]
  0x000002013ae17b30 JavaThread "JavaFX Application Thread" [_thread_in_native, id=13660, stack(0x000000dbfdd00000,0x000000dbfde00000)]
  0x000002013afd4e70 JavaThread "Thread-2" daemon [_thread_blocked, id=14044, stack(0x000000dbfe100000,0x000000dbfe200000)]
  0x000002013b08bf60 JavaThread "subMain thread" [_thread_blocked, id=12828, stack(0x000000dbfe200000,0x000000dbfe300000)]
  0x0000020140121bc0 JavaThread "C2 CompilerThread2" daemon [_thread_blocked, id=17024, stack(0x000000dbff200000,0x000000dbff300000)]
  0x000002013fac9aa0 JavaThread "Prism Font Disposer" daemon [_thread_blocked, id=9112, stack(0x000000dbff300000,0x000000dbff400000)]
  0x000002013faca910 JavaThread "pool-2-thread-1" [_thread_blocked, id=4744, stack(0x000000dbff600000,0x000000dbff700000)]
  0x000002013fac9f70 JavaThread "Import scanner" [_thread_blocked, id=18860, stack(0x000000dbff700000,0x000000dbff800000)]
  0x000002013facade0 JavaThread "VMCommsMain" [_thread_blocked, id=12780, stack(0x000000dbff900000,0x000000dbffa00000)]
  0x000002013facb2b0 JavaThread "Timer-0" [_thread_blocked, id=664, stack(0x000000dbffa00000,0x000000dbffb00000)]
  0x000002013fac78f0 JavaThread "Keep-Alive-Timer" daemon [_thread_blocked, id=19252, stack(0x000000dbffb00000,0x000000dbffc00000)]
  0x000002013fac7dc0 JavaThread "JDI Internal Event Handler" daemon [_thread_blocked, id=18944, stack(0x000000dbff000000,0x000000dbff100000)]
  0x000002013fac8290 JavaThread "JDI Target VM Interface" daemon [_thread_blocked, id=6520, stack(0x000000dbffd00000,0x000000dbffe00000)]
  0x000002013fac8c30 JavaThread "BlueJ I/O Handler" [_thread_in_native, id=7784, stack(0x000000dbffe00000,0x000000dbfff00000)]
  0x000002013faca440 JavaThread "BlueJ I/O Handler" [_thread_in_native, id=11444, stack(0x000000dbfff00000,0x000000dc00000000)]
  0x0000020144b5e8a0 JavaThread "BlueJ I/O Handler" [_thread_blocked, id=7664, stack(0x000000db80000000,0x000000db80100000)]
  0x0000020144b5da30 JavaThread "VM Event Handler Helper" [_thread_blocked, id=6400, stack(0x000000db80100000,0x000000db80200000)]
  0x0000020144b5ed70 JavaThread "vm-event-handler" [_thread_blocked, id=4596, stack(0x000000db80200000,0x000000db80300000)]
  0x0000020144b62c00 JavaThread "Cleaner-0" daemon [_thread_blocked, id=16212, stack(0x000000db80300000,0x000000db80400000)]
  0x0000020144b5f710 JavaThread "ClassGraph-worker-7" daemon [_thread_blocked, id=16592, stack(0x000000db80400000,0x000000db80500000)]
  0x0000020144b5bd50 JavaThread "ClassGraph-worker-8" daemon [_thread_blocked, id=12564, stack(0x000000db80500000,0x000000db80600000)]
  0x0000020144b600b0 JavaThread "ClassGraph-worker-9" daemon [_thread_blocked, id=11632, stack(0x000000db80600000,0x000000db80700000)]
  0x0000020144b5df00 JavaThread "ClassGraph-worker-10" daemon [_thread_blocked, id=4092, stack(0x000000db80700000,0x000000db80800000)]
  0x0000020144b5c220 JavaThread "ClassGraph-worker-11" daemon [_thread_blocked, id=17160, stack(0x000000db80800000,0x000000db80900000)]
  0x0000020144b62730 JavaThread "ClassGraph-worker-12" daemon [_thread_blocked, id=1640, stack(0x000000db80900000,0x000000db80a00000)]
  0x0000020144b60580 JavaThread "ClassGraph-worker-13" daemon [_thread_blocked, id=16324, stack(0x000000db80a00000,0x000000db80b00000)]

Other Threads:
=>0x0000020139a28cb0 VMThread "VM Thread" [stack: 0x000000dbfcc00000,0x000000dbfcd00000] [id=14192]
  0x0000020119868fc0 WatcherThread [stack: 0x000000dbfd700000,0x000000dbfd800000] [id=1656]
  0x000002011980d940 GCTaskThread "GC Thread#0" [stack: 0x000000dbfc700000,0x000000dbfc800000] [id=3464]
  0x000002013afdd540 GCTaskThread "GC Thread#1" [stack: 0x000000dbfe300000,0x000000dbfe400000] [id=15600]
  0x000002013afcd8a0 GCTaskThread "GC Thread#2" [stack: 0x000000dbfe400000,0x000000dbfe500000] [id=16048]
  0x000002013b0eeae0 GCTaskThread "GC Thread#3" [stack: 0x000000dbfe500000,0x000000dbfe600000] [id=6984]
  0x000002013b0eed90 GCTaskThread "GC Thread#4" [stack: 0x000000dbfe600000,0x000000dbfe700000] [id=16836]
  0x000002013b0ef040 GCTaskThread "GC Thread#5" [stack: 0x000000dbfe700000,0x000000dbfe800000] [id=1680]
  0x000002013fb99530 GCTaskThread "GC Thread#6" [stack: 0x000000dbfe800000,0x000000dbfe900000] [id=3164]
  0x000002013b124390 GCTaskThread "GC Thread#7" [stack: 0x000000dbfe900000,0x000000dbfea00000] [id=1200]
  0x000002011981eaa0 ConcurrentGCThread "G1 Main Marker" [stack: 0x000000dbfc800000,0x000000dbfc900000] [id=9288]
  0x000002011981f3b0 ConcurrentGCThread "G1 Conc#0" [stack: 0x000000dbfc900000,0x000000dbfca00000] [id=14832]
  0x000002014012e8c0 ConcurrentGCThread "G1 Conc#1" [stack: 0x000000dbff400000,0x000000dbff500000] [id=9872]
  0x000002011987e510 ConcurrentGCThread "G1 Refine#0" [stack: 0x000000dbfca00000,0x000000dbfcb00000] [id=7296]
  0x000002013fbc8cf0 ConcurrentGCThread "G1 Refine#1" [stack: 0x000000dbfea00000,0x000000dbfeb00000] [id=17144]
  0x000002013b124640 ConcurrentGCThread "G1 Refine#2" [stack: 0x000000dbfeb00000,0x000000dbfec00000] [id=18936]
  0x000002013fbc84d0 ConcurrentGCThread "G1 Refine#3" [stack: 0x000000dbfec00000,0x000000dbfed00000] [id=14456]
  0x00000201398e2130 ConcurrentGCThread "G1 Service" [stack: 0x000000dbfcb00000,0x000000dbfcc00000] [id=16544]

Threads with active compile tasks:
C2 CompilerThread0     5344 4911   !   4       io.github.classgraph.Classfile::<init> (785 bytes)
C2 CompilerThread1     5344 4906       4       nonapi.io.github.classgraph.recycler.Recycler::recycle (67 bytes)
C2 CompilerThread2     5344 4960       4       nonapi.io.github.classgraph.utils.ReflectionUtils::getReverseMethodAttemptOrder (242 bytes)

VM state: at safepoint (normal execution)

VM Mutex/Monitor currently owned by a thread:  ([mutex/lock_event])
[0x00000201197ac390] Threads_lock - owner thread: 0x0000020139a28cb0
[0x00000201197ad8f0] Heap_lock - owner thread: 0x0000020144b600b0

Heap address: 0x0000000082400000, size: 2012 MB, Compressed Oops mode: 32-bit

CDS archive(s) mapped at: [0x0000000800000000-0x0000000800bc0000-0x0000000800bc0000), size 12320768, SharedBaseAddress: 0x0000000800000000, ArchiveRelocationMode: 0.
Compressed class space mapped at: 0x0000000800c00000-0x0000000840c00000, reserved size: 1073741824
Narrow klass base: 0x0000000800000000, Narrow klass shift: 0, Narrow klass range: 0x100000000

GC Precious Log:
 CPUs: 8 total, 8 available
 Memory: 8043M
 Large Page Support: Disabled
 NUMA Support: Disabled
 Compressed Oops: Enabled (32-bit)
 Heap Region Size: 1M
 Heap Min Capacity: 8M
 Heap Initial Capacity: 126M
 Heap Max Capacity: 2012M
 Pre-touch: Disabled
 Parallel Workers: 8
 Concurrent Workers: 2
 Concurrent Refinement Workers: 8
 Periodic GC: Disabled

Heap:
 garbage-first heap   total 178176K, used 68659K [0x0000000082400000, 0x0000000100000000)
  region size 1024K, 8 young (8192K), 8 survivors (8192K)
 Metaspace       used 34224K, committed 34624K, reserved 1081344K
  class space    used 4952K, committed 5184K, reserved 1048576K

Heap Regions: E=young(eden), S=young(survivor), O=old, HS=humongous(starts), HC=humongous(continues), CS=collection set, F=free, OA=open archive, CA=closed archive, TAMS=top-at-mark-start (previous, next)
|   0|0x0000000082400000, 0x0000000082500000, 0x0000000082500000|100%|HS|  |TAMS 0x0000000082500000, 0x0000000082400000| Complete 
|   1|0x0000000082500000, 0x0000000082600000, 0x0000000082600000|100%| O|  |TAMS 0x0000000082600000, 0x0000000082500000| Untracked 
|   2|0x0000000082600000, 0x0000000082700000, 0x0000000082700000|100%| O|  |TAMS 0x0000000082700000, 0x0000000082600000| Untracked 
|   3|0x0000000082700000, 0x0000000082800000, 0x0000000082800000|100%| O|  |TAMS 0x0000000082800000, 0x0000000082700000| Untracked 
|   4|0x0000000082800000, 0x0000000082900000, 0x0000000082900000|100%| O|  |TAMS 0x0000000082900000, 0x0000000082800000| Untracked 
|   5|0x0000000082900000, 0x0000000082a00000, 0x0000000082a00000|100%| O|  |TAMS 0x0000000082a00000, 0x0000000082900000| Untracked 
|   6|0x0000000082a00000, 0x0000000082b00000, 0x0000000082b00000|100%| O|  |TAMS 0x0000000082b00000, 0x0000000082a00000| Untracked 
|   7|0x0000000082b00000, 0x0000000082c00000, 0x0000000082c00000|100%| O|  |TAMS 0x0000000082c00000, 0x0000000082b00000| Untracked 
|   8|0x0000000082c00000, 0x0000000082d00000, 0x0000000082d00000|100%| O|  |TAMS 0x0000000082d00000, 0x0000000082c00000| Untracked 
|   9|0x0000000082d00000, 0x0000000082da8000, 0x0000000082e00000| 65%| O|  |TAMS 0x0000000082da8000, 0x0000000082d00000| Untracked 
|  10|0x0000000082e00000, 0x0000000082f00000, 0x0000000082f00000|100%|HS|  |TAMS 0x0000000082f00000, 0x0000000082e00000| Complete 
|  11|0x0000000082f00000, 0x0000000083000000, 0x0000000083000000|100%|HC|  |TAMS 0x0000000083000000, 0x0000000082f00000| Complete 
|  12|0x0000000083000000, 0x0000000083100000, 0x0000000083100000|100%| O|  |TAMS 0x0000000083100000, 0x0000000083000000| Untracked 
|  13|0x0000000083100000, 0x0000000083200000, 0x0000000083200000|100%| O|  |TAMS 0x0000000083200000, 0x0000000083100000| Untracked 
|  14|0x0000000083200000, 0x0000000083300000, 0x0000000083300000|100%| O|  |TAMS 0x0000000083300000, 0x0000000083200000| Untracked 
|  15|0x0000000083300000, 0x0000000083400000, 0x0000000083400000|100%| O|  |TAMS 0x0000000083400000, 0x0000000083300000| Untracked 
|  16|0x0000000083400000, 0x0000000083500000, 0x0000000083500000|100%| O|  |TAMS 0x0000000083500000, 0x0000000083400000| Untracked 
|  17|0x0000000083500000, 0x0000000083600000, 0x0000000083600000|100%| O|  |TAMS 0x0000000083600000, 0x0000000083500000| Untracked 
|  18|0x0000000083600000, 0x0000000083700000, 0x0000000083700000|100%| O|  |TAMS 0x0000000083700000, 0x0000000083600000| Untracked 
|  19|0x0000000083700000, 0x0000000083800000, 0x0000000083800000|100%| O|  |TAMS 0x0000000083800000, 0x0000000083700000| Untracked 
|  20|0x0000000083800000, 0x0000000083900000, 0x0000000083900000|100%| O|  |TAMS 0x0000000083900000, 0x0000000083800000| Untracked 
|  21|0x0000000083900000, 0x0000000083a00000, 0x0000000083a00000|100%| O|  |TAMS 0x0000000083a00000, 0x0000000083900000| Untracked 
|  22|0x0000000083a00000, 0x0000000083b00000, 0x0000000083b00000|100%| O|  |TAMS 0x0000000083b00000, 0x0000000083a00000| Untracked 
|  23|0x0000000083b00000, 0x0000000083c00000, 0x0000000083c00000|100%| O|  |TAMS 0x0000000083c00000, 0x0000000083b00000| Untracked 
|  24|0x0000000083c00000, 0x0000000083d00000, 0x0000000083d00000|100%| O|  |TAMS 0x0000000083d00000, 0x0000000083c00000| Untracked 
|  25|0x0000000083d00000, 0x0000000083e00000, 0x0000000083e00000|100%| O|  |TAMS 0x0000000083e00000, 0x0000000083d00000| Untracked 
|  26|0x0000000083e00000, 0x0000000083f00000, 0x0000000083f00000|100%| O|  |TAMS 0x0000000083f00000, 0x0000000083e00000| Untracked 
|  27|0x0000000083f00000, 0x0000000084000000, 0x0000000084000000|100%| O|  |TAMS 0x0000000084000000, 0x0000000083f00000| Untracked 
|  28|0x0000000084000000, 0x0000000084100000, 0x0000000084100000|100%| O|  |TAMS 0x0000000084093a00, 0x0000000084000000| Untracked 
|  29|0x0000000084100000, 0x0000000084200000, 0x0000000084200000|100%| O|  |TAMS 0x0000000084100000, 0x0000000084100000| Untracked 
|  30|0x0000000084200000, 0x0000000084300000, 0x0000000084300000|100%| O|  |TAMS 0x0000000084200000, 0x0000000084200000| Untracked 
|  31|0x0000000084300000, 0x0000000084400000, 0x0000000084400000|100%| O|  |TAMS 0x0000000084300000, 0x0000000084300000| Untracked 
|  32|0x0000000084400000, 0x0000000084500000, 0x0000000084500000|100%| O|  |TAMS 0x0000000084400000, 0x0000000084400000| Untracked 
|  33|0x0000000084500000, 0x0000000084600000, 0x0000000084600000|100%| O|  |TAMS 0x0000000084500000, 0x0000000084500000| Untracked 
|  34|0x0000000084600000, 0x0000000084700000, 0x0000000084700000|100%| O|  |TAMS 0x0000000084600000, 0x0000000084600000| Untracked 
|  35|0x0000000084700000, 0x0000000084800000, 0x0000000084800000|100%| O|  |TAMS 0x0000000084700000, 0x0000000084700000| Untracked 
|  36|0x0000000084800000, 0x0000000084900000, 0x0000000084900000|100%| O|  |TAMS 0x0000000084800000, 0x0000000084800000| Untracked 
|  37|0x0000000084900000, 0x0000000084a00000, 0x0000000084a00000|100%| O|  |TAMS 0x0000000084900000, 0x0000000084900000| Untracked 
|  38|0x0000000084a00000, 0x0000000084b00000, 0x0000000084b00000|100%| O|  |TAMS 0x0000000084a00000, 0x0000000084a00000| Untracked 
|  39|0x0000000084b00000, 0x0000000084c00000, 0x0000000084c00000|100%| O|  |TAMS 0x0000000084b00000, 0x0000000084b00000| Untracked 
|  40|0x0000000084c00000, 0x0000000084d00000, 0x0000000084d00000|100%| O|  |TAMS 0x0000000084c00000, 0x0000000084c00000| Untracked 
|  41|0x0000000084d00000, 0x0000000084e00000, 0x0000000084e00000|100%| O|  |TAMS 0x0000000084d00000, 0x0000000084d00000| Untracked 
|  42|0x0000000084e00000, 0x0000000084f00000, 0x0000000084f00000|100%| O|  |TAMS 0x0000000084e00000, 0x0000000084e00000| Untracked 
|  43|0x0000000084f00000, 0x0000000085000000, 0x0000000085000000|100%| O|  |TAMS 0x0000000084f00000, 0x0000000084f00000| Untracked 
|  44|0x0000000085000000, 0x0000000085100000, 0x0000000085100000|100%| O|  |TAMS 0x0000000085000000, 0x0000000085000000| Untracked 
|  45|0x0000000085100000, 0x0000000085200000, 0x0000000085200000|100%| O|  |TAMS 0x0000000085100000, 0x0000000085100000| Untracked 
|  46|0x0000000085200000, 0x0000000085300000, 0x0000000085300000|100%| O|  |TAMS 0x0000000085200000, 0x0000000085200000| Untracked 
|  47|0x0000000085300000, 0x0000000085400000, 0x0000000085400000|100%| O|  |TAMS 0x0000000085300000, 0x0000000085300000| Untracked 
|  48|0x0000000085400000, 0x0000000085500000, 0x0000000085500000|100%| O|  |TAMS 0x0000000085400000, 0x0000000085400000| Untracked 
|  49|0x0000000085500000, 0x0000000085600000, 0x0000000085600000|100%| O|  |TAMS 0x0000000085500000, 0x0000000085500000| Untracked 
|  50|0x0000000085600000, 0x0000000085700000, 0x0000000085700000|100%| O|  |TAMS 0x0000000085600000, 0x0000000085600000| Untracked 
|  51|0x0000000085700000, 0x0000000085800000, 0x0000000085800000|100%| O|  |TAMS 0x0000000085700000, 0x0000000085700000| Untracked 
|  52|0x0000000085800000, 0x0000000085900000, 0x0000000085900000|100%| O|  |TAMS 0x0000000085800000, 0x0000000085800000| Untracked 
|  53|0x0000000085900000, 0x0000000085a00000, 0x0000000085a00000|100%| O|  |TAMS 0x0000000085900000, 0x0000000085900000| Untracked 
|  54|0x0000000085a00000, 0x0000000085b00000, 0x0000000085b00000|100%| O|  |TAMS 0x0000000085a00000, 0x0000000085a00000| Untracked 
|  55|0x0000000085b00000, 0x0000000085c00000, 0x0000000085c00000|100%| O|  |TAMS 0x0000000085b00000, 0x0000000085b00000| Untracked 
|  56|0x0000000085c00000, 0x0000000085d00000, 0x0000000085d00000|100%| O|  |TAMS 0x0000000085c00000, 0x0000000085c00000| Untracked 
|  57|0x0000000085d00000, 0x0000000085e00000, 0x0000000085e00000|100%| O|  |TAMS 0x0000000085d00000, 0x0000000085d00000| Untracked 
|  58|0x0000000085e00000, 0x0000000085f00000, 0x0000000085f00000|100%| O|  |TAMS 0x0000000085e00000, 0x0000000085e00000| Untracked 
|  59|0x0000000085f00000, 0x0000000085ff8a00, 0x0000000086000000| 97%| O|  |TAMS 0x0000000085f00000, 0x0000000085f00000| Untracked 
|  60|0x0000000086000000, 0x0000000086000000, 0x0000000086100000|  0%| F|  |TAMS 0x0000000086000000, 0x0000000086000000| Untracked 
|  61|0x0000000086100000, 0x0000000086100000, 0x0000000086200000|  0%| F|  |TAMS 0x0000000086100000, 0x0000000086100000| Untracked 
|  62|0x0000000086200000, 0x0000000086200000, 0x0000000086300000|  0%| F|  |TAMS 0x0000000086200000, 0x0000000086200000| Untracked 
|  63|0x0000000086300000, 0x0000000086300000, 0x0000000086400000|  0%| F|  |TAMS 0x0000000086300000, 0x0000000086300000| Untracked 
|  64|0x0000000086400000, 0x0000000086400000, 0x0000000086500000|  0%| F|  |TAMS 0x0000000086400000, 0x0000000086400000| Untracked 
|  65|0x0000000086500000, 0x0000000086500000, 0x0000000086600000|  0%| F|  |TAMS 0x0000000086500000, 0x0000000086500000| Untracked 
|  66|0x0000000086600000, 0x0000000086600000, 0x0000000086700000|  0%| F|  |TAMS 0x0000000086600000, 0x0000000086600000| Untracked 
|  67|0x0000000086700000, 0x0000000086700000, 0x0000000086800000|  0%| F|  |TAMS 0x0000000086700000, 0x0000000086700000| Untracked 
|  68|0x0000000086800000, 0x0000000086800000, 0x0000000086900000|  0%| F|  |TAMS 0x0000000086800000, 0x0000000086800000| Untracked 
|  69|0x0000000086900000, 0x0000000086900000, 0x0000000086a00000|  0%| F|  |TAMS 0x0000000086900000, 0x0000000086900000| Untracked 
|  70|0x0000000086a00000, 0x0000000086a00000, 0x0000000086b00000|  0%| F|  |TAMS 0x0000000086a00000, 0x0000000086a00000| Untracked 
|  71|0x0000000086b00000, 0x0000000086b00000, 0x0000000086c00000|  0%| F|  |TAMS 0x0000000086b00000, 0x0000000086b00000| Untracked 
|  72|0x0000000086c00000, 0x0000000086c00000, 0x0000000086d00000|  0%| F|  |TAMS 0x0000000086c00000, 0x0000000086c00000| Untracked 
|  73|0x0000000086d00000, 0x0000000086d00000, 0x0000000086e00000|  0%| F|  |TAMS 0x0000000086d00000, 0x0000000086d00000| Untracked 
|  74|0x0000000086e00000, 0x0000000086e00000, 0x0000000086f00000|  0%| F|  |TAMS 0x0000000086e00000, 0x0000000086e00000| Untracked 
|  75|0x0000000086f00000, 0x0000000086f00000, 0x0000000087000000|  0%| F|  |TAMS 0x0000000086f00000, 0x0000000086f00000| Untracked 
|  76|0x0000000087000000, 0x0000000087000000, 0x0000000087100000|  0%| F|  |TAMS 0x0000000087000000, 0x0000000087000000| Untracked 
|  77|0x0000000087100000, 0x0000000087100000, 0x0000000087200000|  0%| F|  |TAMS 0x0000000087100000, 0x0000000087100000| Untracked 
|  78|0x0000000087200000, 0x0000000087200000, 0x0000000087300000|  0%| F|  |TAMS 0x0000000087200000, 0x0000000087200000| Untracked 
|  79|0x0000000087300000, 0x0000000087300000, 0x0000000087400000|  0%| F|  |TAMS 0x0000000087300000, 0x0000000087300000| Untracked 
|  80|0x0000000087400000, 0x0000000087400000, 0x0000000087500000|  0%| F|  |TAMS 0x0000000087400000, 0x0000000087400000| Untracked 
|  81|0x0000000087500000, 0x0000000087500000, 0x0000000087600000|  0%| F|  |TAMS 0x0000000087500000, 0x0000000087500000| Untracked 
|  82|0x0000000087600000, 0x0000000087600000, 0x0000000087700000|  0%| F|  |TAMS 0x0000000087600000, 0x0000000087600000| Untracked 
|  83|0x0000000087700000, 0x000000008776c468, 0x0000000087800000| 42%| S|CS|TAMS 0x0000000087700000, 0x0000000087700000| Complete 
|  84|0x0000000087800000, 0x0000000087900000, 0x0000000087900000|100%| S|CS|TAMS 0x0000000087800000, 0x0000000087800000| Complete 
|  85|0x0000000087900000, 0x0000000087a00000, 0x0000000087a00000|100%| S|CS|TAMS 0x0000000087900000, 0x0000000087900000| Complete 
|  86|0x0000000087a00000, 0x0000000087a00000, 0x0000000087b00000|  0%| F|  |TAMS 0x0000000087a00000, 0x0000000087a00000| Untracked 
|  87|0x0000000087b00000, 0x0000000087b00000, 0x0000000087c00000|  0%| F|  |TAMS 0x0000000087b00000, 0x0000000087b00000| Untracked 
|  88|0x0000000087c00000, 0x0000000087c00000, 0x0000000087d00000|  0%| F|  |TAMS 0x0000000087c00000, 0x0000000087c00000| Untracked 
|  89|0x0000000087d00000, 0x0000000087d00000, 0x0000000087e00000|  0%| F|  |TAMS 0x0000000087d00000, 0x0000000087d00000| Untracked 
|  90|0x0000000087e00000, 0x0000000087e00000, 0x0000000087f00000|  0%| F|  |TAMS 0x0000000087e00000, 0x0000000087e00000| Untracked 
|  91|0x0000000087f00000, 0x0000000088000000, 0x0000000088000000|100%| S|CS|TAMS 0x0000000087f00000, 0x0000000087f00000| Complete 
|  92|0x0000000088000000, 0x0000000088100000, 0x0000000088100000|100%| S|CS|TAMS 0x0000000088000000, 0x0000000088000000| Complete 
|  93|0x0000000088100000, 0x0000000088200000, 0x0000000088200000|100%| S|CS|TAMS 0x0000000088100000, 0x0000000088100000| Complete 
|  94|0x0000000088200000, 0x0000000088300000, 0x0000000088300000|100%| S|CS|TAMS 0x0000000088200000, 0x0000000088200000| Complete 
|  95|0x0000000088300000, 0x0000000088300000, 0x0000000088400000|  0%| F|  |TAMS 0x0000000088300000, 0x0000000088300000| Untracked 
|  96|0x0000000088400000, 0x0000000088400000, 0x0000000088500000|  0%| F|  |TAMS 0x0000000088400000, 0x0000000088400000| Untracked 
|  97|0x0000000088500000, 0x0000000088600000, 0x0000000088600000|100%| S|CS|TAMS 0x0000000088500000, 0x0000000088500000| Complete 
|  98|0x0000000088600000, 0x0000000088600000, 0x0000000088700000|  0%| F|  |TAMS 0x0000000088600000, 0x0000000088600000| Untracked 
|  99|0x0000000088700000, 0x0000000088700000, 0x0000000088800000|  0%| F|  |TAMS 0x0000000088700000, 0x0000000088700000| Untracked 
| 100|0x0000000088800000, 0x0000000088800000, 0x0000000088900000|  0%| F|  |TAMS 0x0000000088800000, 0x0000000088800000| Untracked 
| 101|0x0000000088900000, 0x0000000088900000, 0x0000000088a00000|  0%| F|  |TAMS 0x0000000088900000, 0x0000000088900000| Untracked 
| 102|0x0000000088a00000, 0x0000000088a00000, 0x0000000088b00000|  0%| F|  |TAMS 0x0000000088a00000, 0x0000000088a00000| Untracked 
| 103|0x0000000088b00000, 0x0000000088b00000, 0x0000000088c00000|  0%| F|  |TAMS 0x0000000088b00000, 0x0000000088b00000| Untracked 
| 104|0x0000000088c00000, 0x0000000088c00000, 0x0000000088d00000|  0%| F|  |TAMS 0x0000000088c00000, 0x0000000088c00000| Untracked 
| 105|0x0000000088d00000, 0x0000000088d00000, 0x0000000088e00000|  0%| F|  |TAMS 0x0000000088d00000, 0x0000000088d00000| Untracked 
| 106|0x0000000088e00000, 0x0000000088e00000, 0x0000000088f00000|  0%| F|  |TAMS 0x0000000088e00000, 0x0000000088e00000| Untracked 
| 107|0x0000000088f00000, 0x0000000088f00000, 0x0000000089000000|  0%| F|  |TAMS 0x0000000088f00000, 0x0000000088f00000| Untracked 
| 108|0x0000000089000000, 0x0000000089000000, 0x0000000089100000|  0%| F|  |TAMS 0x0000000089000000, 0x0000000089000000| Untracked 
| 109|0x0000000089100000, 0x0000000089100000, 0x0000000089200000|  0%| F|  |TAMS 0x0000000089100000, 0x0000000089100000| Untracked 
| 110|0x0000000089200000, 0x0000000089200000, 0x0000000089300000|  0%| F|  |TAMS 0x0000000089200000, 0x0000000089200000| Untracked 
| 111|0x0000000089300000, 0x0000000089300000, 0x0000000089400000|  0%| F|  |TAMS 0x0000000089300000, 0x0000000089300000| Untracked 
| 112|0x0000000089400000, 0x0000000089400000, 0x0000000089500000|  0%| F|  |TAMS 0x0000000089400000, 0x0000000089400000| Untracked 
| 113|0x0000000089500000, 0x0000000089500000, 0x0000000089600000|  0%| F|  |TAMS 0x0000000089500000, 0x0000000089500000| Untracked 
| 114|0x0000000089600000, 0x0000000089600000, 0x0000000089700000|  0%| F|  |TAMS 0x0000000089600000, 0x0000000089600000| Untracked 
| 115|0x0000000089700000, 0x0000000089700000, 0x0000000089800000|  0%| F|  |TAMS 0x0000000089700000, 0x0000000089700000| Untracked 
| 116|0x0000000089800000, 0x0000000089800000, 0x0000000089900000|  0%| F|  |TAMS 0x0000000089800000, 0x0000000089800000| Untracked 
| 117|0x0000000089900000, 0x0000000089900000, 0x0000000089a00000|  0%| F|  |TAMS 0x0000000089900000, 0x0000000089900000| Untracked 
| 118|0x0000000089a00000, 0x0000000089a00000, 0x0000000089b00000|  0%| F|  |TAMS 0x0000000089a00000, 0x0000000089a00000| Untracked 
| 119|0x0000000089b00000, 0x0000000089b00000, 0x0000000089c00000|  0%| F|  |TAMS 0x0000000089b00000, 0x0000000089b00000| Untracked 
| 120|0x0000000089c00000, 0x0000000089c00000, 0x0000000089d00000|  0%| F|  |TAMS 0x0000000089c00000, 0x0000000089c00000| Untracked 
| 121|0x0000000089d00000, 0x0000000089d00000, 0x0000000089e00000|  0%| F|  |TAMS 0x0000000089d00000, 0x0000000089d00000| Untracked 
| 122|0x0000000089e00000, 0x0000000089e00000, 0x0000000089f00000|  0%| F|  |TAMS 0x0000000089e00000, 0x0000000089e00000| Untracked 
| 123|0x0000000089f00000, 0x0000000089f00000, 0x000000008a000000|  0%| F|  |TAMS 0x0000000089f00000, 0x0000000089f00000| Untracked 
| 124|0x000000008a000000, 0x000000008a000000, 0x000000008a100000|  0%| F|  |TAMS 0x000000008a000000, 0x000000008a000000| Untracked 
| 125|0x000000008a100000, 0x000000008a100000, 0x000000008a200000|  0%| F|  |TAMS 0x000000008a100000, 0x000000008a100000| Untracked 
| 126|0x000000008a200000, 0x000000008a200000, 0x000000008a300000|  0%| F|  |TAMS 0x000000008a200000, 0x000000008a200000| Untracked 
| 127|0x000000008a300000, 0x000000008a300000, 0x000000008a400000|  0%| F|  |TAMS 0x000000008a300000, 0x000000008a300000| Untracked 
| 128|0x000000008a400000, 0x000000008a400000, 0x000000008a500000|  0%| F|  |TAMS 0x000000008a400000, 0x000000008a400000| Untracked 
| 129|0x000000008a500000, 0x000000008a500000, 0x000000008a600000|  0%| F|  |TAMS 0x000000008a500000, 0x000000008a500000| Untracked 
| 130|0x000000008a600000, 0x000000008a600000, 0x000000008a700000|  0%| F|  |TAMS 0x000000008a600000, 0x000000008a600000| Untracked 
| 131|0x000000008a700000, 0x000000008a700000, 0x000000008a800000|  0%| F|  |TAMS 0x000000008a700000, 0x000000008a700000| Untracked 
| 132|0x000000008a800000, 0x000000008a800000, 0x000000008a900000|  0%| F|  |TAMS 0x000000008a800000, 0x000000008a800000| Untracked 
| 133|0x000000008a900000, 0x000000008a900000, 0x000000008aa00000|  0%| F|  |TAMS 0x000000008a900000, 0x000000008a900000| Untracked 
| 134|0x000000008aa00000, 0x000000008aa00000, 0x000000008ab00000|  0%| F|  |TAMS 0x000000008aa00000, 0x000000008aa00000| Untracked 
| 135|0x000000008ab00000, 0x000000008ab00000, 0x000000008ac00000|  0%| F|  |TAMS 0x000000008ab00000, 0x000000008ab00000| Untracked 
| 136|0x000000008ac00000, 0x000000008ac00000, 0x000000008ad00000|  0%| F|  |TAMS 0x000000008ac00000, 0x000000008ac00000| Untracked 
| 137|0x000000008ad00000, 0x000000008ad00000, 0x000000008ae00000|  0%| F|  |TAMS 0x000000008ad00000, 0x000000008ad00000| Untracked 
| 138|0x000000008ae00000, 0x000000008ae00000, 0x000000008af00000|  0%| F|  |TAMS 0x000000008ae00000, 0x000000008ae00000| Untracked 
| 139|0x000000008af00000, 0x000000008af00000, 0x000000008b000000|  0%| F|  |TAMS 0x000000008af00000, 0x000000008af00000| Untracked 
| 140|0x000000008b000000, 0x000000008b000000, 0x000000008b100000|  0%| F|  |TAMS 0x000000008b000000, 0x000000008b000000| Untracked 
| 141|0x000000008b100000, 0x000000008b100000, 0x000000008b200000|  0%| F|  |TAMS 0x000000008b100000, 0x000000008b100000| Untracked 
| 142|0x000000008b200000, 0x000000008b200000, 0x000000008b300000|  0%| F|  |TAMS 0x000000008b200000, 0x000000008b200000| Untracked 
| 143|0x000000008b300000, 0x000000008b300000, 0x000000008b400000|  0%| F|  |TAMS 0x000000008b300000, 0x000000008b300000| Untracked 
| 144|0x000000008b400000, 0x000000008b400000, 0x000000008b500000|  0%| F|  |TAMS 0x000000008b400000, 0x000000008b400000| Untracked 
| 145|0x000000008b500000, 0x000000008b500000, 0x000000008b600000|  0%| F|  |TAMS 0x000000008b500000, 0x000000008b500000| Untracked 
| 146|0x000000008b600000, 0x000000008b600000, 0x000000008b700000|  0%| F|  |TAMS 0x000000008b600000, 0x000000008b600000| Untracked 
| 147|0x000000008b700000, 0x000000008b700000, 0x000000008b800000|  0%| F|  |TAMS 0x000000008b700000, 0x000000008b700000| Untracked 
| 148|0x000000008b800000, 0x000000008b800000, 0x000000008b900000|  0%| F|  |TAMS 0x000000008b800000, 0x000000008b800000| Untracked 
| 149|0x000000008b900000, 0x000000008b900000, 0x000000008ba00000|  0%| F|  |TAMS 0x000000008b900000, 0x000000008b900000| Untracked 
| 150|0x000000008ba00000, 0x000000008ba00000, 0x000000008bb00000|  0%| F|  |TAMS 0x000000008ba00000, 0x000000008ba00000| Untracked 
| 151|0x000000008bb00000, 0x000000008bb00000, 0x000000008bc00000|  0%| F|  |TAMS 0x000000008bb00000, 0x000000008bb00000| Untracked 
| 152|0x000000008bc00000, 0x000000008bc00000, 0x000000008bd00000|  0%| F|  |TAMS 0x000000008bc00000, 0x000000008bc00000| Untracked 
| 153|0x000000008bd00000, 0x000000008bd00000, 0x000000008be00000|  0%| F|  |TAMS 0x000000008bd00000, 0x000000008bd00000| Untracked 
| 154|0x000000008be00000, 0x000000008be00000, 0x000000008bf00000|  0%| F|  |TAMS 0x000000008be00000, 0x000000008be00000| Untracked 
| 155|0x000000008bf00000, 0x000000008bf00000, 0x000000008c000000|  0%| F|  |TAMS 0x000000008bf00000, 0x000000008bf00000| Untracked 
| 156|0x000000008c000000, 0x000000008c000000, 0x000000008c100000|  0%| F|  |TAMS 0x000000008c000000, 0x000000008c000000| Untracked 
| 157|0x000000008c100000, 0x000000008c100000, 0x000000008c200000|  0%| F|  |TAMS 0x000000008c100000, 0x000000008c100000| Untracked 
| 158|0x000000008c200000, 0x000000008c200000, 0x000000008c300000|  0%| F|  |TAMS 0x000000008c200000, 0x000000008c200000| Untracked 
| 159|0x000000008c300000, 0x000000008c300000, 0x000000008c400000|  0%| F|  |TAMS 0x000000008c300000, 0x000000008c300000| Untracked 
| 160|0x000000008c400000, 0x000000008c400000, 0x000000008c500000|  0%| F|  |TAMS 0x000000008c400000, 0x000000008c400000| Untracked 
| 161|0x000000008c500000, 0x000000008c500000, 0x000000008c600000|  0%| F|  |TAMS 0x000000008c500000, 0x000000008c500000| Untracked 
| 162|0x000000008c600000, 0x000000008c600000, 0x000000008c700000|  0%| F|  |TAMS 0x000000008c600000, 0x000000008c600000| Untracked 
| 163|0x000000008c700000, 0x000000008c700000, 0x000000008c800000|  0%| F|  |TAMS 0x000000008c700000, 0x000000008c700000| Untracked 
| 164|0x000000008c800000, 0x000000008c800000, 0x000000008c900000|  0%| F|  |TAMS 0x000000008c800000, 0x000000008c800000| Untracked 
| 165|0x000000008c900000, 0x000000008c900000, 0x000000008ca00000|  0%| F|  |TAMS 0x000000008c900000, 0x000000008c900000| Untracked 
| 166|0x000000008ca00000, 0x000000008ca00000, 0x000000008cb00000|  0%| F|  |TAMS 0x000000008ca00000, 0x000000008ca00000| Untracked 
| 167|0x000000008cb00000, 0x000000008cb00000, 0x000000008cc00000|  0%| F|  |TAMS 0x000000008cb00000, 0x000000008cb00000| Untracked 
| 168|0x000000008cc00000, 0x000000008cc00000, 0x000000008cd00000|  0%| F|  |TAMS 0x000000008cc00000, 0x000000008cc00000| Untracked 
| 169|0x000000008cd00000, 0x000000008cd00000, 0x000000008ce00000|  0%| F|  |TAMS 0x000000008cd00000, 0x000000008cd00000| Untracked 
| 170|0x000000008ce00000, 0x000000008ce00000, 0x000000008cf00000|  0%| F|  |TAMS 0x000000008ce00000, 0x000000008ce00000| Untracked 
| 171|0x000000008cf00000, 0x000000008cf00000, 0x000000008d000000|  0%| F|  |TAMS 0x000000008cf00000, 0x000000008cf00000| Untracked 
| 172|0x000000008d000000, 0x000000008d000000, 0x000000008d100000|  0%| F|  |TAMS 0x000000008d000000, 0x000000008d000000| Untracked 
| 173|0x000000008d100000, 0x000000008d100000, 0x000000008d200000|  0%| F|  |TAMS 0x000000008d100000, 0x000000008d100000| Untracked 

Card table byte_map: [0x00000201328c0000,0x0000020132cb0000] _byte_map_base: 0x00000201324ae000

Marking Bits (Prev, Next): (CMBitMap*) 0x000002011980de90, (CMBitMap*) 0x000002011980de50
 Prev Bits: [0x0000020135010000, 0x0000020136f80000)
 Next Bits: [0x00000201330a0000, 0x0000020135010000)

Polling page: 0x0000020122a40000

Metaspace:

Usage:
  Non-class:     28.59 MB used.
      Class:      4.84 MB used.
       Both:     33.42 MB used.

Virtual space:
  Non-class space:       32.00 MB reserved,      28.75 MB ( 90%) committed,  4 nodes.
      Class space:        1.00 GB reserved,       5.06 MB ( <1%) committed,  1 nodes.
             Both:        1.03 GB reserved,      33.81 MB (  3%) committed. 

Chunk freelists:
   Non-Class:  2.88 MB
       Class:  2.85 MB
        Both:  5.73 MB

MaxMetaspaceSize: unlimited
CompressedClassSpaceSize: 1.00 GB
Initial GC threshold: 21.00 MB
Current GC threshold: 54.38 MB
CDS: on
MetaspaceReclaimPolicy: balanced
 - commit_granule_bytes: 65536.
 - commit_granule_words: 8192.
 - virtual_space_node_default_size: 1048576.
 - enlarge_chunks_in_place: 1.
 - new_chunks_are_fully_committed: 0.
 - uncommit_free_chunks: 1.
 - use_allocation_guard: 0.
 - handle_deallocations: 1.


Internal statistics:

num_allocs_failed_limit: 3.
num_arena_births: 384.
num_arena_deaths: 0.
num_vsnodes_births: 5.
num_vsnodes_deaths: 0.
num_space_committed: 541.
num_space_uncommitted: 0.
num_chunks_returned_to_freelist: 3.
num_chunks_taken_from_freelist: 1456.
num_chunk_merges: 3.
num_chunk_splits: 952.
num_chunks_enlarged: 647.
num_purges: 0.
num_inconsistent_stats: 0.

CodeHeap 'non-profiled nmethods': size=120000Kb used=2682Kb max_used=2682Kb free=117317Kb
 bounds [0x000002012a530000, 0x000002012a7d0000, 0x0000020131a60000]
CodeHeap 'profiled nmethods': size=120000Kb used=10314Kb max_used=10314Kb free=109685Kb
 bounds [0x0000020123000000, 0x0000020123a20000, 0x000002012a530000]
CodeHeap 'non-nmethods': size=5760Kb used=1554Kb max_used=1623Kb free=4206Kb
 bounds [0x0000020122a60000, 0x0000020122cd0000, 0x0000020123000000]
 total_blobs=5896 nmethods=4953 adapters=854
 compilation: enabled
              stopped_count=0, restarted_count=0
 full_count=0

Compilation events (20 events):
Event: 5.256 Thread 0x0000020139a57280 4979       2       java.lang.invoke.InvokerBytecodeGenerator::generateCustomizedCode (34 bytes)
Event: 5.257 Thread 0x0000020139a57280 nmethod 4979 0x0000020123a0e090 code [0x0000020123a0e2a0, 0x0000020123a0e5b8]
Event: 5.257 Thread 0x0000020139a57280 4980       2       java.lang.invoke.InvokerBytecodeGenerator::lookupPregenerated (294 bytes)
Event: 5.258 Thread 0x0000020139a57280 nmethod 4980 0x0000020123a0e790 code [0x0000020123a0ea60, 0x0000020123a0f248]
Event: 5.258 Thread 0x0000020139a57280 4983       2       jdk.internal.org.objectweb.asm.MethodWriter::computeAllFrames (510 bytes)
Event: 5.260 Thread 0x0000020139a57280 nmethod 4983 0x0000020123a0f710 code [0x0000020123a0f9a0, 0x0000020123a104e8]
Event: 5.260 Thread 0x0000020139a57280 4984       1       java.util.ArrayList$ArrayListSpliterator::characteristics (4 bytes)
Event: 5.260 Thread 0x0000020139a57280 nmethod 4984 0x000002012a7c4590 code [0x000002012a7c4720, 0x000002012a7c47f8]
Event: 5.264 Thread 0x0000020139a57280 4987       2       java.lang.invoke.LambdaForm$NamedFunction::<init> (15 bytes)
Event: 5.264 Thread 0x0000020139a57280 nmethod 4987 0x0000020123a10e90 code [0x0000020123a11020, 0x0000020123a111d8]
Event: 5.280 Thread 0x0000020140121bc0 nmethod 4848 0x000002012a7c6090 code [0x000002012a7c63e0, 0x000002012a7cacc8]
Event: 5.281 Thread 0x0000020140121bc0 4908       4       java.util.concurrent.locks.ReentrantLock$Sync::tryRelease (51 bytes)
Event: 5.282 Thread 0x0000020140121bc0 nmethod 4908 0x000002012a7ce690 code [0x000002012a7ce800, 0x000002012a7ce938]
Event: 5.282 Thread 0x0000020140121bc0 4960       4       nonapi.io.github.classgraph.utils.ReflectionUtils::getReverseMethodAttemptOrder (242 bytes)
Event: 5.293 Thread 0x0000020139a57280 4996       2       com.sun.tools.jdi.JDWP$ReferenceType$MethodsWithGeneric$MethodInfo::<init> (150 bytes)
Event: 5.294 Thread 0x0000020139a57280 nmethod 4996 0x0000020123a11290 code [0x0000020123a11500, 0x0000020123a11a88]
Event: 5.294 Thread 0x0000020139a57280 4997       2       com.sun.tools.jdi.MethodImpl::createMethodImpl (47 bytes)
Event: 5.294 Thread 0x0000020139a57280 nmethod 4997 0x0000020123a11e10 code [0x0000020123a11fc0, 0x0000020123a12278]
Event: 5.294 Thread 0x0000020139a57280 4998       2       com.sun.tools.jdi.MethodImpl::<init> (34 bytes)
Event: 5.294 Thread 0x0000020139a57280 nmethod 4998 0x0000020123a12390 code [0x0000020123a12540, 0x0000020123a127e8]

GC Heap History (20 events):
Event: 3.997 GC heap after
{Heap after GC invocations=16 (full 0):
 garbage-first heap   total 91136K, used 33936K [0x0000000082400000, 0x0000000100000000)
  region size 1024K, 5 young (5120K), 5 survivors (5120K)
 Metaspace       used 33234K, committed 33536K, reserved 1081344K
  class space    used 4858K, committed 4992K, reserved 1048576K
}
Event: 4.056 GC heap before
{Heap before GC invocations=16 (full 0):
 garbage-first heap   total 91136K, used 70800K [0x0000000082400000, 0x0000000100000000)
  region size 1024K, 42 young (43008K), 5 survivors (5120K)
 Metaspace       used 33242K, committed 33536K, reserved 1081344K
  class space    used 4858K, committed 4992K, reserved 1048576K
}
Event: 4.063 GC heap after
{Heap after GC invocations=17 (full 0):
 garbage-first heap   total 91136K, used 35241K [0x0000000082400000, 0x0000000100000000)
  region size 1024K, 4 young (4096K), 4 survivors (4096K)
 Metaspace       used 33242K, committed 33536K, reserved 1081344K
  class space    used 4858K, committed 4992K, reserved 1048576K
}
Event: 4.132 GC heap before
{Heap before GC invocations=17 (full 0):
 garbage-first heap   total 91136K, used 73129K [0x0000000082400000, 0x0000000100000000)
  region size 1024K, 42 young (43008K), 4 survivors (4096K)
 Metaspace       used 33242K, committed 33536K, reserved 1081344K
  class space    used 4858K, committed 4992K, reserved 1048576K
}
Event: 4.134 GC heap after
{Heap after GC invocations=18 (full 0):
 garbage-first heap   total 148480K, used 36175K [0x0000000082400000, 0x0000000100000000)
  region size 1024K, 4 young (4096K), 4 survivors (4096K)
 Metaspace       used 33242K, committed 33536K, reserved 1081344K
  class space    used 4858K, committed 4992K, reserved 1048576K
}
Event: 4.277 GC heap before
{Heap before GC invocations=18 (full 0):
 garbage-first heap   total 148480K, used 118095K [0x0000000082400000, 0x0000000100000000)
  region size 1024K, 85 young (87040K), 4 survivors (4096K)
 Metaspace       used 33320K, committed 33600K, reserved 1081344K
  class space    used 4866K, committed 4992K, reserved 1048576K
}
Event: 4.280 GC heap after
{Heap after GC invocations=19 (full 0):
 garbage-first heap   total 148480K, used 38692K [0x0000000082400000, 0x0000000100000000)
  region size 1024K, 7 young (7168K), 7 survivors (7168K)
 Metaspace       used 33320K, committed 33600K, reserved 1081344K
  class space    used 4866K, committed 4992K, reserved 1048576K
}
Event: 4.407 GC heap before
{Heap before GC invocations=19 (full 0):
 garbage-first heap   total 148480K, used 118564K [0x0000000082400000, 0x0000000100000000)
  region size 1024K, 86 young (88064K), 7 survivors (7168K)
 Metaspace       used 33349K, committed 33728K, reserved 1081344K
  class space    used 4867K, committed 5056K, reserved 1048576K
}
Event: 4.410 GC heap after
{Heap after GC invocations=20 (full 0):
 garbage-first heap   total 148480K, used 40697K [0x0000000082400000, 0x0000000100000000)
  region size 1024K, 7 young (7168K), 7 survivors (7168K)
 Metaspace       used 33349K, committed 33728K, reserved 1081344K
  class space    used 4867K, committed 5056K, reserved 1048576K
}
Event: 4.779 GC heap before
{Heap before GC invocations=20 (full 0):
 garbage-first heap   total 148480K, used 121593K [0x0000000082400000, 0x0000000100000000)
  region size 1024K, 87 young (89088K), 7 survivors (7168K)
 Metaspace       used 34006K, committed 34432K, reserved 1081344K
  class space    used 4932K, committed 5120K, reserved 1048576K
}
Event: 4.786 GC heap after
{Heap after GC invocations=21 (full 0):
 garbage-first heap   total 148480K, used 45144K [0x0000000082400000, 0x0000000100000000)
  region size 1024K, 11 young (11264K), 11 survivors (11264K)
 Metaspace       used 34006K, committed 34432K, reserved 1081344K
  class space    used 4932K, committed 5120K, reserved 1048576K
}
Event: 4.949 GC heap before
{Heap before GC invocations=21 (full 0):
 garbage-first heap   total 148480K, used 116824K [0x0000000082400000, 0x0000000100000000)
  region size 1024K, 82 young (83968K), 11 survivors (11264K)
 Metaspace       used 34073K, committed 34496K, reserved 1081344K
  class space    used 4933K, committed 5120K, reserved 1048576K
}
Event: 4.961 GC heap after
{Heap after GC invocations=22 (full 0):
 garbage-first heap   total 178176K, used 57881K [0x0000000082400000, 0x0000000100000000)
  region size 1024K, 11 young (11264K), 11 survivors (11264K)
 Metaspace       used 34073K, committed 34496K, reserved 1081344K
  class space    used 4933K, committed 5120K, reserved 1048576K
}
Event: 5.035 GC heap before
{Heap before GC invocations=22 (full 0):
 garbage-first heap   total 178176K, used 133657K [0x0000000082400000, 0x0000000100000000)
  region size 1024K, 86 young (88064K), 11 survivors (11264K)
 Metaspace       used 34090K, committed 34496K, reserved 1081344K
  class space    used 4933K, committed 5120K, reserved 1048576K
}
Event: 5.040 GC heap after
{Heap after GC invocations=23 (full 0):
 garbage-first heap   total 178176K, used 63031K [0x0000000082400000, 0x0000000100000000)
  region size 1024K, 4 young (4096K), 4 survivors (4096K)
 Metaspace       used 34090K, committed 34496K, reserved 1081344K
  class space    used 4933K, committed 5120K, reserved 1048576K
}
Event: 5.131 GC heap before
{Heap before GC invocations=23 (full 0):
 garbage-first heap   total 178176K, used 137783K [0x0000000082400000, 0x0000000100000000)
  region size 1024K, 78 young (79872K), 4 survivors (4096K)
 Metaspace       used 34136K, committed 34496K, reserved 1081344K
  class space    used 4936K, committed 5120K, reserved 1048576K
}
Event: 5.134 GC heap after
{Heap after GC invocations=24 (full 0):
 garbage-first heap   total 178176K, used 63149K [0x0000000082400000, 0x0000000100000000)
  region size 1024K, 5 young (5120K), 5 survivors (5120K)
 Metaspace       used 34136K, committed 34496K, reserved 1081344K
  class space    used 4936K, committed 5120K, reserved 1048576K
}
Event: 5.207 GC heap before
{Heap before GC invocations=24 (full 0):
 garbage-first heap   total 178176K, used 139949K [0x0000000082400000, 0x0000000100000000)
  region size 1024K, 81 young (82944K), 5 survivors (5120K)
 Metaspace       used 34147K, committed 34496K, reserved 1081344K
  class space    used 4936K, committed 5120K, reserved 1048576K
}
Event: 5.211 GC heap after
{Heap after GC invocations=25 (full 0):
 garbage-first heap   total 178176K, used 65573K [0x0000000082400000, 0x0000000100000000)
  region size 1024K, 7 young (7168K), 7 survivors (7168K)
 Metaspace       used 34147K, committed 34496K, reserved 1081344K
  class space    used 4936K, committed 5120K, reserved 1048576K
}
Event: 5.295 GC heap before
{Heap before GC invocations=25 (full 0):
 garbage-first heap   total 178176K, used 142373K [0x0000000082400000, 0x0000000100000000)
  region size 1024K, 83 young (84992K), 7 survivors (7168K)
 Metaspace       used 34224K, committed 34624K, reserved 1081344K
  class space    used 4952K, committed 5184K, reserved 1048576K
}

Deoptimization events (20 events):
Event: 5.065 Thread 0x000002013ae17b30 Uncommon trap: trap_request=0xffffff45 fr.pc=0x000002012a5df378 relative=0x0000000000000c18
Event: 5.065 Thread 0x000002013ae17b30 Uncommon trap: reason=unstable_if action=reinterpret pc=0x000002012a5df378 method=java.util.WeakHashMap.expungeStaleEntries()V @ 66 c2
Event: 5.065 Thread 0x000002013ae17b30 DEOPT PACKING pc=0x000002012a5df378 sp=0x000000dbfddfbe20
Event: 5.065 Thread 0x000002013ae17b30 DEOPT UNPACKING pc=0x0000020122ab23a3 sp=0x000000dbfddfbda0 mode 2
Event: 5.104 Thread 0x000002013facade0 Uncommon trap: trap_request=0xffffff45 fr.pc=0x000002012a76c2d0 relative=0x0000000000000190
Event: 5.104 Thread 0x000002013facade0 Uncommon trap: reason=unstable_if action=reinterpret pc=0x000002012a76c2d0 method=java.nio.IntBuffer.putArray(I[III)Ljava/nio/IntBuffer; @ 9 c2
Event: 5.104 Thread 0x000002013facade0 DEOPT PACKING pc=0x000002012a76c2d0 sp=0x000000dbff9ff3e0
Event: 5.104 Thread 0x000002013facade0 DEOPT UNPACKING pc=0x0000020122ab23a3 sp=0x000000dbff9ff288 mode 2
Event: 5.148 Thread 0x0000020144b5bd50 DEOPT PACKING pc=0x00000201239ef4c1 sp=0x000000db805fe5c0
Event: 5.148 Thread 0x0000020144b5bd50 DEOPT UNPACKING pc=0x0000020122ab2b43 sp=0x000000db805fdad0 mode 0
Event: 5.149 Thread 0x0000020144b600b0 DEOPT PACKING pc=0x00000201239ef4e2 sp=0x000000db806fe4c0
Event: 5.149 Thread 0x0000020144b600b0 DEOPT UNPACKING pc=0x0000020122ab2b43 sp=0x000000db806fd9d0 mode 0
Event: 5.163 Thread 0x0000020144b62730 Uncommon trap: trap_request=0xffffffde fr.pc=0x000002012a773d38 relative=0x0000000000001658
Event: 5.163 Thread 0x0000020144b62730 Uncommon trap: reason=class_check action=maybe_recompile pc=0x000002012a773d38 method=io.github.classgraph.Classfile.scheduleScanningIfExternalClass(Ljava/lang/String;Ljava/lang/String;Lnonapi/io/github/classgraph/utils/LogNode;)V @ 110 c2
Event: 5.163 Thread 0x0000020144b62730 DEOPT PACKING pc=0x000002012a773d38 sp=0x000000db809fee20
Event: 5.163 Thread 0x0000020144b62730 DEOPT UNPACKING pc=0x0000020122ab23a3 sp=0x000000db809fedb0 mode 2
Event: 5.163 Thread 0x0000020144b62730 Uncommon trap: trap_request=0xffffffde fr.pc=0x000002012a773d38 relative=0x0000000000001658
Event: 5.163 Thread 0x0000020144b62730 Uncommon trap: reason=class_check action=maybe_recompile pc=0x000002012a773d38 method=io.github.classgraph.Classfile.scheduleScanningIfExternalClass(Ljava/lang/String;Ljava/lang/String;Lnonapi/io/github/classgraph/utils/LogNode;)V @ 110 c2
Event: 5.163 Thread 0x0000020144b62730 DEOPT PACKING pc=0x000002012a773d38 sp=0x000000db809fee20
Event: 5.163 Thread 0x0000020144b62730 DEOPT UNPACKING pc=0x0000020122ab23a3 sp=0x000000db809fedb0 mode 2

Classes unloaded (0 events):
No events

Classes redefined (0 events):
No events

Internal exceptions (20 events):
Event: 4.497 Thread 0x0000020144b5cbc0 Exception <a 'sun/nio/fs/WindowsException'{0x0000000088c3cfc8}> (0x0000000088c3cfc8) 
thrown [s\src\hotspot\share\prims\jni.cpp, line 516]
Event: 4.497 Thread 0x0000020144b5cbc0 Exception <a 'sun/nio/fs/WindowsException'{0x0000000088c3d630}> (0x0000000088c3d630) 
thrown [s\src\hotspot\share\prims\jni.cpp, line 516]
Event: 4.677 Thread 0x000002013fac9f70 Exception <a 'java/lang/ClassNotFoundException'{0x000000008792abf8}: sun/net/www/protocol/c/Handler> (0x000000008792abf8) 
thrown [s\src\hotspot\share\classfile\systemDictionary.cpp, line 256]
Event: 4.677 Thread 0x000002013fac9f70 Exception <a 'java/lang/ClassNotFoundException'{0x000000008792cb10}: sun/net/www/protocol/c/Handler> (0x000000008792cb10) 
thrown [s\src\hotspot\share\classfile\systemDictionary.cpp, line 256]
Event: 4.677 Thread 0x000002013fac9f70 Exception <a 'java/lang/ClassNotFoundException'{0x000000008792eac8}: sun/net/www/protocol/c/Handler> (0x000000008792eac8) 
thrown [s\src\hotspot\share\classfile\systemDictionary.cpp, line 256]
Event: 4.678 Thread 0x000002013fac9f70 Exception <a 'java/lang/ClassNotFoundException'{0x0000000087930ab0}: sun/net/www/protocol/c/Handler> (0x0000000087930ab0) 
thrown [s\src\hotspot\share\classfile\systemDictionary.cpp, line 256]
Event: 4.678 Thread 0x000002013fac9f70 Exception <a 'java/lang/ClassNotFoundException'{0x0000000087932ae0}: sun/net/www/protocol/c/Handler> (0x0000000087932ae0) 
thrown [s\src\hotspot\share\classfile\systemDictionary.cpp, line 256]
Event: 4.678 Thread 0x000002013fac9f70 Exception <a 'java/lang/ClassNotFoundException'{0x0000000087934ad0}: sun/net/www/protocol/c/Handler> (0x0000000087934ad0) 
thrown [s\src\hotspot\share\classfile\systemDictionary.cpp, line 256]
Event: 4.678 Thread 0x000002013fac9f70 Exception <a 'java/lang/ClassNotFoundException'{0x0000000087936ae8}: sun/net/www/protocol/c/Handler> (0x0000000087936ae8) 
thrown [s\src\hotspot\share\classfile\systemDictionary.cpp, line 256]
Event: 4.678 Thread 0x000002013fac9f70 Exception <a 'java/lang/ClassNotFoundException'{0x0000000087938b18}: sun/net/www/protocol/c/Handler> (0x0000000087938b18) 
thrown [s\src\hotspot\share\classfile\systemDictionary.cpp, line 256]
Event: 4.678 Thread 0x000002013fac9f70 Exception <a 'java/lang/ClassNotFoundException'{0x000000008793ab08}: sun/net/www/protocol/c/Handler> (0x000000008793ab08) 
thrown [s\src\hotspot\share\classfile\systemDictionary.cpp, line 256]
Event: 4.678 Thread 0x000002013fac9f70 Exception <a 'java/lang/ClassNotFoundException'{0x000000008793cac0}: sun/net/www/protocol/c/Handler> (0x000000008793cac0) 
thrown [s\src\hotspot\share\classfile\systemDictionary.cpp, line 256]
Event: 4.679 Thread 0x000002013fac9f70 Exception <a 'java/lang/ClassNotFoundException'{0x000000008793ea80}: sun/net/www/protocol/c/Handler> (0x000000008793ea80) 
thrown [s\src\hotspot\share\classfile\systemDictionary.cpp, line 256]
Event: 4.679 Thread 0x000002013fac9f70 Exception <a 'java/lang/ClassNotFoundException'{0x0000000087940a40}: sun/net/www/protocol/c/Handler> (0x0000000087940a40) 
thrown [s\src\hotspot\share\classfile\systemDictionary.cpp, line 256]
Event: 5.256 Thread 0x0000020144b5ed70 Exception <a 'java/lang/NoSuchMethodError'{0x000000008a900400}: 'java.lang.Object java.lang.invoke.DirectMethodHandle$Holder.newInvokeSpecial(java.lang.Object, java.lang.Object, java.lang.Object, int)'> (0x000000008a900400) 
thrown [s\src\hotspot\share\interpreter\linkResolver.cpp, line 759]
Event: 5.257 Thread 0x0000020144b5ed70 Exception <a 'java/lang/NoSuchMethodError'{0x000000008a9b1c50}: 'java.lang.Object java.lang.invoke.DirectMethodHandle$Holder.invokeSpecial(java.lang.Object, java.lang.Object, java.lang.Object, java.lang.Object, int)'> (0x000000008a9b1c50) 
thrown [s\src\hotspot\share\interpreter\linkResolver.cpp, line 759]
Event: 5.258 Thread 0x0000020144b5ed70 Exception <a 'java/lang/NoSuchMethodError'{0x000000008a808b40}: 'java.lang.Object java.lang.invoke.Invokers$Holder.linkToTargetMethod(java.lang.Object, java.lang.Object, int, java.lang.Object)'> (0x000000008a808b40) 
thrown [s\src\hotspot\share\interpreter\linkResolver.cpp, line 759]
Event: 5.278 Thread 0x000002013ae17b30 Exception <a 'java/lang/NoSuchMethodError'{0x00000000898bb588}: 'java.lang.Object java.lang.invoke.DirectMethodHandle$Holder.newInvokeSpecial(java.lang.Object, java.lang.Object, long, int)'> (0x00000000898bb588) 
thrown [s\src\hotspot\share\interpreter\linkResolver.cpp, line 759]
Event: 5.278 Thread 0x000002013ae17b30 Exception <a 'java/lang/NoSuchMethodError'{0x00000000897737d0}: 'java.lang.Object java.lang.invoke.DirectMethodHandle$Holder.invokeSpecial(java.lang.Object, java.lang.Object, java.lang.Object, long, int)'> (0x00000000897737d0) 
thrown [s\src\hotspot\share\interpreter\linkResolver.cpp, line 759]
Event: 5.278 Thread 0x000002013ae17b30 Exception <a 'java/lang/NoSuchMethodError'{0x00000000897e1210}: 'java.lang.Object java.lang.invoke.Invokers$Holder.linkToTargetMethod(java.lang.Object, long, int, java.lang.Object)'> (0x00000000897e1210) 
thrown [s\src\hotspot\share\interpreter\linkResolver.cpp, line 759]

VM Operations (20 events):
Event: 4.280 Executing VM operation: G1CollectForAllocation done
Event: 4.407 Executing VM operation: G1CollectForAllocation
Event: 4.410 Executing VM operation: G1CollectForAllocation done
Event: 4.581 Executing VM operation: HandshakeAllThreads
Event: 4.581 Executing VM operation: HandshakeAllThreads done
Event: 4.641 Executing VM operation: HandshakeAllThreads
Event: 4.641 Executing VM operation: HandshakeAllThreads done
Event: 4.680 Executing VM operation: HandshakeAllThreads
Event: 4.680 Executing VM operation: HandshakeAllThreads done
Event: 4.779 Executing VM operation: G1CollectForAllocation
Event: 4.786 Executing VM operation: G1CollectForAllocation done
Event: 4.949 Executing VM operation: G1CollectForAllocation
Event: 4.961 Executing VM operation: G1CollectForAllocation done
Event: 5.035 Executing VM operation: G1CollectForAllocation
Event: 5.041 Executing VM operation: G1CollectForAllocation done
Event: 5.131 Executing VM operation: G1CollectForAllocation
Event: 5.135 Executing VM operation: G1CollectForAllocation done
Event: 5.207 Executing VM operation: G1CollectForAllocation
Event: 5.212 Executing VM operation: G1CollectForAllocation done
Event: 5.295 Executing VM operation: G1CollectForAllocation

Events (20 events):
Event: 4.730 loading class jdk/internal/jimage/ImageReader$Directory
Event: 4.731 loading class jdk/internal/jimage/ImageReader$Node
Event: 4.731 loading class jdk/internal/jimage/ImageReader$Node done
Event: 4.731 loading class jdk/internal/jimage/ImageReader$Directory done
Event: 4.731 loading class jdk/internal/jimage/ImageReader$SharedImageReader$LocationVisitor
Event: 4.731 loading class jdk/internal/jimage/ImageReader$SharedImageReader$LocationVisitor done
Event: 4.732 loading class jdk/internal/jimage/ImageBufferCache
Event: 4.733 loading class jdk/internal/jimage/ImageBufferCache done
Event: 4.733 loading class jdk/internal/jimage/ImageBufferCache$1
Event: 4.733 loading class jdk/internal/jimage/ImageBufferCache$1 done
Event: 4.733 loading class jdk/internal/jimage/ImageBufferCache$2
Event: 4.733 loading class jdk/internal/jimage/ImageBufferCache$2 done
Event: 4.733 loading class java/nio/ByteBufferAsIntBufferL
Event: 4.733 loading class java/nio/ByteBufferAsIntBufferL done
Event: 4.734 loading class jdk/internal/jimage/ImageReader$Resource
Event: 4.734 loading class jdk/internal/jimage/ImageReader$Resource done
Event: 4.735 loading class java/util/function/UnaryOperator
Event: 4.735 loading class java/util/function/UnaryOperator done
Event: 4.735 loading class java/util/stream/LongStream
Event: 4.735 loading class java/util/stream/LongStream done


Dynamic libraries:
0x00007ff6e6350000 - 0x00007ff6e635e000 	C:\Program Files\Greenfoot\jdk\bin\javaw.exe
0x00007ffb45970000 - 0x00007ffb45b87000 	C:\WINDOWS\SYSTEM32\ntdll.dll
0x00007ffb43770000 - 0x00007ffb43834000 	C:\WINDOWS\System32\KERNEL32.DLL
0x00007ffb43030000 - 0x00007ffb433d6000 	C:\WINDOWS\System32\KERNELBASE.dll
0x00007ffb435a0000 - 0x00007ffb436b1000 	C:\WINDOWS\System32\ucrtbase.dll
0x00007ffb3c7d0000 - 0x00007ffb3c7e9000 	C:\Program Files\Greenfoot\jdk\bin\VCRUNTIME140.dll
0x00007ffb3c4a0000 - 0x00007ffb3c4b8000 	C:\Program Files\Greenfoot\jdk\bin\jli.dll
0x00007ffb44710000 - 0x00007ffb448be000 	C:\WINDOWS\System32\USER32.dll
0x00007ffb2e9f0000 - 0x00007ffb2ec83000 	C:\WINDOWS\WinSxS\amd64_microsoft.windows.common-controls_6595b64144ccf1df_6.0.22621.2506_none_270c5ae97388e100\COMCTL32.dll
0x00007ffb43500000 - 0x00007ffb43526000 	C:\WINDOWS\System32\win32u.dll
0x00007ffb44500000 - 0x00007ffb44529000 	C:\WINDOWS\System32\GDI32.dll
0x00007ffb44650000 - 0x00007ffb446f7000 	C:\WINDOWS\System32\msvcrt.dll
0x00007ffb433e0000 - 0x00007ffb434f8000 	C:\WINDOWS\System32\gdi32full.dll
0x00007ffb42e20000 - 0x00007ffb42eba000 	C:\WINDOWS\System32\msvcp_win.dll
0x00007ffb44900000 - 0x00007ffb44931000 	C:\WINDOWS\System32\IMM32.DLL
0x00007ffb3fc10000 - 0x00007ffb3fc1c000 	C:\Program Files\Greenfoot\jdk\bin\vcruntime140_1.dll
0x00007ffb0e510000 - 0x00007ffb0e5a1000 	C:\Program Files\Greenfoot\jdk\bin\msvcp140.dll
0x00007ffaf2620000 - 0x00007ffaf3266000 	C:\Program Files\Greenfoot\jdk\bin\server\jvm.dll
0x00007ffb456c0000 - 0x00007ffb45773000 	C:\WINDOWS\System32\ADVAPI32.dll
0x00007ffb436c0000 - 0x00007ffb43768000 	C:\WINDOWS\System32\sechost.dll
0x00007ffb42d70000 - 0x00007ffb42d98000 	C:\WINDOWS\System32\bcrypt.dll
0x00007ffb44530000 - 0x00007ffb44647000 	C:\WINDOWS\System32\RPCRT4.dll
0x00007ffb44700000 - 0x00007ffb44708000 	C:\WINDOWS\System32\PSAPI.DLL
0x00007ffb39370000 - 0x00007ffb39379000 	C:\WINDOWS\SYSTEM32\WSOCK32.dll
0x00007ffb3c3b0000 - 0x00007ffb3c3e4000 	C:\WINDOWS\SYSTEM32\WINMM.dll
0x00007ffb3a8e0000 - 0x00007ffb3a8ea000 	C:\WINDOWS\SYSTEM32\VERSION.dll
0x00007ffb44180000 - 0x00007ffb441f1000 	C:\WINDOWS\System32\WS2_32.dll
0x00007ffb41cf0000 - 0x00007ffb41d08000 	C:\WINDOWS\SYSTEM32\kernel.appcore.dll
0x00007ffb35da0000 - 0x00007ffb35daa000 	C:\Program Files\Greenfoot\jdk\bin\jimage.dll
0x00007ffb40790000 - 0x00007ffb409c3000 	C:\WINDOWS\SYSTEM32\DBGHELP.DLL
0x00007ffb44eb0000 - 0x00007ffb45239000 	C:\WINDOWS\System32\combase.dll
0x00007ffb440a0000 - 0x00007ffb44177000 	C:\WINDOWS\System32\OLEAUT32.dll
0x00007ffb2d240000 - 0x00007ffb2d272000 	C:\WINDOWS\SYSTEM32\dbgcore.DLL
0x00007ffb42da0000 - 0x00007ffb42e1a000 	C:\WINDOWS\System32\bcryptPrimitives.dll
0x00007ffb31250000 - 0x00007ffb31275000 	C:\Program Files\Greenfoot\jdk\bin\java.dll
0x00007ffb0a860000 - 0x00007ffb0a936000 	C:\Program Files\Greenfoot\jdk\bin\jsvml.dll
0x00007ffb43840000 - 0x00007ffb4409b000 	C:\WINDOWS\System32\SHELL32.dll
0x00007ffb40c10000 - 0x00007ffb41506000 	C:\WINDOWS\SYSTEM32\windows.storage.dll
0x00007ffb40ad0000 - 0x00007ffb40c0e000 	C:\WINDOWS\SYSTEM32\wintypes.dll
0x00007ffb44940000 - 0x00007ffb44a33000 	C:\WINDOWS\System32\SHCORE.dll
0x00007ffb45840000 - 0x00007ffb4589e000 	C:\WINDOWS\System32\shlwapi.dll
0x00007ffb42be0000 - 0x00007ffb42c06000 	C:\WINDOWS\SYSTEM32\profapi.dll
0x00007ffb31230000 - 0x00007ffb31249000 	C:\Program Files\Greenfoot\jdk\bin\net.dll
0x00007ffb3c610000 - 0x00007ffb3c747000 	C:\WINDOWS\SYSTEM32\WINHTTP.dll
0x00007ffb42170000 - 0x00007ffb421d9000 	C:\WINDOWS\system32\mswsock.dll
0x00007ffb2d290000 - 0x00007ffb2d2a5000 	C:\Program Files\Greenfoot\jdk\bin\nio.dll
0x00007ffb2ad20000 - 0x00007ffb2ad38000 	C:\Program Files\Greenfoot\jdk\bin\zip.dll
0x000002013b1a0000 - 0x000002013b1a3000 	C:\Users\elena\.openjfx\cache\20.0.1+2\amd64\api-ms-win-core-console-l1-1-0.dll
0x000002013b1b0000 - 0x000002013b1b3000 	C:\Users\elena\.openjfx\cache\20.0.1+2\amd64\api-ms-win-core-console-l1-2-0.dll
0x000002013b1c0000 - 0x000002013b1c3000 	C:\Users\elena\.openjfx\cache\20.0.1+2\amd64\api-ms-win-core-datetime-l1-1-0.dll
0x000002013b1d0000 - 0x000002013b1d3000 	C:\Users\elena\.openjfx\cache\20.0.1+2\amd64\api-ms-win-core-debug-l1-1-0.dll
0x000002013b1e0000 - 0x000002013b1e3000 	C:\Users\elena\.openjfx\cache\20.0.1+2\amd64\api-ms-win-core-errorhandling-l1-1-0.dll
0x000002013b1f0000 - 0x000002013b1f4000 	C:\Users\elena\.openjfx\cache\20.0.1+2\amd64\api-ms-win-core-file-l1-1-0.dll
0x000002013b200000 - 0x000002013b203000 	C:\Users\elena\.openjfx\cache\20.0.1+2\amd64\api-ms-win-core-file-l1-2-0.dll
0x000002013b210000 - 0x000002013b213000 	C:\Users\elena\.openjfx\cache\20.0.1+2\amd64\api-ms-win-core-file-l2-1-0.dll
0x000002013b220000 - 0x000002013b223000 	C:\Users\elena\.openjfx\cache\20.0.1+2\amd64\api-ms-win-core-handle-l1-1-0.dll
0x000002013b230000 - 0x000002013b233000 	C:\Users\elena\.openjfx\cache\20.0.1+2\amd64\api-ms-win-core-heap-l1-1-0.dll
0x000002013b240000 - 0x000002013b243000 	C:\Users\elena\.openjfx\cache\20.0.1+2\amd64\api-ms-win-core-interlocked-l1-1-0.dll
0x000002013b250000 - 0x000002013b253000 	C:\Users\elena\.openjfx\cache\20.0.1+2\amd64\api-ms-win-core-libraryloader-l1-1-0.dll
0x000002013b260000 - 0x000002013b263000 	C:\Users\elena\.openjfx\cache\20.0.1+2\amd64\api-ms-win-core-localization-l1-2-0.dll
0x000002013b270000 - 0x000002013b273000 	C:\Users\elena\.openjfx\cache\20.0.1+2\amd64\api-ms-win-core-memory-l1-1-0.dll
0x000002013b280000 - 0x000002013b283000 	C:\Users\elena\.openjfx\cache\20.0.1+2\amd64\api-ms-win-core-namedpipe-l1-1-0.dll
0x000002013b290000 - 0x000002013b293000 	C:\Users\elena\.openjfx\cache\20.0.1+2\amd64\api-ms-win-core-processenvironment-l1-1-0.dll
0x000002013b2a0000 - 0x000002013b2a3000 	C:\Users\elena\.openjfx\cache\20.0.1+2\amd64\api-ms-win-core-processthreads-l1-1-0.dll
0x000002013b2b0000 - 0x000002013b2b3000 	C:\Users\elena\.openjfx\cache\20.0.1+2\amd64\api-ms-win-core-processthreads-l1-1-1.dll
0x000002013b2c0000 - 0x000002013b2c3000 	C:\Users\elena\.openjfx\cache\20.0.1+2\amd64\api-ms-win-core-profile-l1-1-0.dll
0x000002013b2d0000 - 0x000002013b2d3000 	C:\Users\elena\.openjfx\cache\20.0.1+2\amd64\api-ms-win-core-rtlsupport-l1-1-0.dll
0x000002013b2e0000 - 0x000002013b2e3000 	C:\Users\elena\.openjfx\cache\20.0.1+2\amd64\api-ms-win-core-string-l1-1-0.dll
0x000002013b2f0000 - 0x000002013b2f3000 	C:\Users\elena\.openjfx\cache\20.0.1+2\amd64\api-ms-win-core-synch-l1-1-0.dll
0x000002013b300000 - 0x000002013b303000 	C:\Users\elena\.openjfx\cache\20.0.1+2\amd64\api-ms-win-core-synch-l1-2-0.dll
0x000002013b310000 - 0x000002013b313000 	C:\Users\elena\.openjfx\cache\20.0.1+2\amd64\api-ms-win-core-sysinfo-l1-1-0.dll
0x000002013b320000 - 0x000002013b323000 	C:\Users\elena\.openjfx\cache\20.0.1+2\amd64\api-ms-win-core-timezone-l1-1-0.dll
0x000002013b330000 - 0x000002013b333000 	C:\Users\elena\.openjfx\cache\20.0.1+2\amd64\api-ms-win-core-util-l1-1-0.dll
0x000002013b340000 - 0x000002013b343000 	C:\Users\elena\.openjfx\cache\20.0.1+2\amd64\api-ms-win-crt-conio-l1-1-0.dll
0x000002013b350000 - 0x000002013b354000 	C:\Users\elena\.openjfx\cache\20.0.1+2\amd64\api-ms-win-crt-convert-l1-1-0.dll
0x000002013b360000 - 0x000002013b363000 	C:\Users\elena\.openjfx\cache\20.0.1+2\amd64\api-ms-win-crt-environment-l1-1-0.dll
0x000002013b370000 - 0x000002013b373000 	C:\Users\elena\.openjfx\cache\20.0.1+2\amd64\api-ms-win-crt-filesystem-l1-1-0.dll
0x000002013b380000 - 0x000002013b383000 	C:\Users\elena\.openjfx\cache\20.0.1+2\amd64\api-ms-win-crt-heap-l1-1-0.dll
0x000002013b390000 - 0x000002013b393000 	C:\Users\elena\.openjfx\cache\20.0.1+2\amd64\api-ms-win-crt-locale-l1-1-0.dll
0x000002013b3a0000 - 0x000002013b3a5000 	C:\Users\elena\.openjfx\cache\20.0.1+2\amd64\api-ms-win-crt-math-l1-1-0.dll
0x000002013b3b0000 - 0x000002013b3b5000 	C:\Users\elena\.openjfx\cache\20.0.1+2\amd64\api-ms-win-crt-multibyte-l1-1-0.dll
0x000002013b3c0000 - 0x000002013b3d0000 	C:\Users\elena\.openjfx\cache\20.0.1+2\amd64\api-ms-win-crt-private-l1-1-0.dll
0x000002013b3d0000 - 0x000002013b3d3000 	C:\Users\elena\.openjfx\cache\20.0.1+2\amd64\api-ms-win-crt-process-l1-1-0.dll
0x000002013b3e0000 - 0x000002013b3e4000 	C:\Users\elena\.openjfx\cache\20.0.1+2\amd64\api-ms-win-crt-runtime-l1-1-0.dll
0x000002013b3f0000 - 0x000002013b3f4000 	C:\Users\elena\.openjfx\cache\20.0.1+2\amd64\api-ms-win-crt-stdio-l1-1-0.dll
0x000002013b400000 - 0x000002013b404000 	C:\Users\elena\.openjfx\cache\20.0.1+2\amd64\api-ms-win-crt-string-l1-1-0.dll
0x000002013b410000 - 0x000002013b413000 	C:\Users\elena\.openjfx\cache\20.0.1+2\amd64\api-ms-win-crt-time-l1-1-0.dll
0x000002013b420000 - 0x000002013b423000 	C:\Users\elena\.openjfx\cache\20.0.1+2\amd64\api-ms-win-crt-utility-l1-1-0.dll
0x00007ffb087b0000 - 0x00007ffb088ac000 	C:\Users\elena\.openjfx\cache\20.0.1+2\amd64\ucrtbase.dll
0x00007ffb23fc0000 - 0x00007ffb23fdb000 	C:\Users\elena\.openjfx\cache\20.0.1+2\amd64\vcruntime140.dll
0x00007ffb323b0000 - 0x00007ffb323bc000 	C:\Users\elena\.openjfx\cache\20.0.1+2\amd64\vcruntime140_1.dll
0x00007ffb03590000 - 0x00007ffb0361e000 	C:\Users\elena\.openjfx\cache\20.0.1+2\amd64\msvcp140.dll
0x00007ffb320d0000 - 0x00007ffb320d9000 	C:\Users\elena\.openjfx\cache\20.0.1+2\amd64\msvcp140_1.dll
0x00007ffb184d0000 - 0x00007ffb18500000 	C:\Users\elena\.openjfx\cache\20.0.1+2\amd64\msvcp140_2.dll
0x00007ffb16670000 - 0x00007ffb1669f000 	C:\Users\elena\.openjfx\cache\20.0.1+2\amd64\prism_d3d.dll
0x00007ffb042b0000 - 0x00007ffb04459000 	C:\WINDOWS\system32\d3d9.dll
0x00007ffb40270000 - 0x00007ffb4029b000 	C:\WINDOWS\SYSTEM32\dwmapi.dll
0x00007ffb3ff40000 - 0x00007ffb3ff79000 	C:\WINDOWS\SYSTEM32\dxcore.dll
0x00007ffb3fe40000 - 0x00007ffb3feeb000 	C:\WINDOWS\system32\uxtheme.dll
0x00007ffafad10000 - 0x00007ffafae73000 	C:\WINDOWS\System32\DriverStore\FileRepository\iigd_dch.inf_amd64_e9b40d45ab4dc6b8\igdumdim64.dll
0x00007ffadb410000 - 0x00007ffadee14000 	C:\WINDOWS\System32\DriverStore\FileRepository\iigd_dch.inf_amd64_e9b40d45ab4dc6b8\igd9dxva64.dll
0x00007ffb44260000 - 0x00007ffb44400000 	C:\WINDOWS\System32\ole32.dll
0x00007ffb45240000 - 0x00007ffb456b4000 	C:\WINDOWS\System32\SETUPAPI.dll
0x00007ffb428b0000 - 0x00007ffb428fe000 	C:\WINDOWS\SYSTEM32\cfgmgr32.dll
0x00007ffb35880000 - 0x00007ffb35abf000 	C:\WINDOWS\System32\DriverStore\FileRepository\iigd_dch.inf_amd64_e9b40d45ab4dc6b8\igdgmm64.dll
0x00007ffb3c200000 - 0x00007ffb3c24a000 	C:\WINDOWS\SYSTEM32\directxdatabasehelper.dll
0x00007ffb14800000 - 0x00007ffb14842000 	C:\Users\elena\.openjfx\cache\20.0.1+2\amd64\glass.dll
0x00007ffb44400000 - 0x00007ffb444f9000 	C:\WINDOWS\System32\COMDLG32.dll
0x00007ffb44b70000 - 0x00007ffb44cc1000 	C:\WINDOWS\System32\MSCTF.dll
0x00007ffb1c5a0000 - 0x00007ffb1c5c7000 	C:\WINDOWS\System32\DriverStore\FileRepository\iigd_dch.inf_amd64_e9b40d45ab4dc6b8\igdinfo64.dll
0x00007ffb32c10000 - 0x00007ffb35872000 	C:\WINDOWS\System32\DriverStore\FileRepository\iigd_dch.inf_amd64_e9b40d45ab4dc6b8\igc64.dll
0x00007ffb1d930000 - 0x00007ffb1d944000 	C:\Users\elena\.openjfx\cache\20.0.1+2\amd64\javafx_font.dll
0x00007ffb3e740000 - 0x00007ffb3e9b4000 	C:\WINDOWS\SYSTEM32\dwrite.dll
0x00007ffb44ac0000 - 0x00007ffb44b70000 	C:\WINDOWS\System32\clbcatq.dll
0x00007ffb3e4e0000 - 0x00007ffb3e690000 	C:\WINDOWS\SYSTEM32\WindowsCodecs.dll
0x00007ffb2ab20000 - 0x00007ffb2ab7e000 	C:\WINDOWS\system32\dataexchange.dll
0x00007ffb3a350000 - 0x00007ffb3a5d7000 	C:\WINDOWS\system32\twinapi.appcore.dll
0x00007ffb12590000 - 0x00007ffb125c2000 	C:\Program Files\Common Files\Microsoft Shared\Ink\rtscom.dll
0x00007ffb2c970000 - 0x00007ffb2caba000 	C:\WINDOWS\SYSTEM32\textinputframework.dll
0x00007ffb3f880000 - 0x00007ffb3f9b4000 	C:\WINDOWS\SYSTEM32\CoreMessaging.dll
0x00007ffb3b900000 - 0x00007ffb3bc6c000 	C:\WINDOWS\SYSTEM32\CoreUIComponents.dll
0x00007ffb423e0000 - 0x00007ffb423ec000 	C:\WINDOWS\SYSTEM32\CRYPTBASE.DLL
0x00007ffb31870000 - 0x00007ffb3187e000 	C:\Program Files\Greenfoot\jdk\bin\sunmscapi.dll
0x00007ffb42ec0000 - 0x00007ffb43026000 	C:\WINDOWS\System32\CRYPT32.dll
0x00007ffb42580000 - 0x00007ffb425ae000 	C:\WINDOWS\SYSTEM32\ncrypt.dll
0x00007ffb42540000 - 0x00007ffb42577000 	C:\WINDOWS\SYSTEM32\NTASN1.dll
0x00007ffb423c0000 - 0x00007ffb423db000 	C:\WINDOWS\SYSTEM32\CRYPTSP.dll
0x00007ffb41c50000 - 0x00007ffb41c85000 	C:\WINDOWS\system32\rsaenh.dll

dbghelp: loaded successfully - version: 4.0.5 - missing functions: none
symbol engine: initialized successfully - sym options: 0x614 - pdb path: .;C:\Program Files\Greenfoot\jdk\bin;C:\WINDOWS\SYSTEM32;C:\WINDOWS\WinSxS\amd64_microsoft.windows.common-controls_6595b64144ccf1df_6.0.22621.2506_none_270c5ae97388e100;C:\Program Files\Greenfoot\jdk\bin\server;C:\Users\elena\.openjfx\cache\20.0.1+2\amd64;C:\WINDOWS\System32\DriverStore\FileRepository\iigd_dch.inf_amd64_e9b40d45ab4dc6b8;C:\Program Files\Common Files\Microsoft Shared\Ink

VM Arguments:
jvm_args: -Dhttps.protocols=TLSv1,TLSv1.1,TLSv1.2 
java_command: bluej.Boot C:\Users\elena\Desktop\ÌSc\2Semester\xynogalos\EvilChickens\project.greenfoot -greenfoot=true -bluej.compiler.showunchecked=false
java_class_path (initial): C:\Program Files\Greenfoot\lib\boot.jar;C:\Program Files\Greenfoot\lib\javafx-base-20.0.1-win.jar;C:\Program Files\Greenfoot\lib\javafx-base-20.0.1.jar;C:\Program Files\Greenfoot\lib\javafx-controls-20.0.1-win.jar;C:\Program Files\Greenfoot\lib\javafx-controls-20.0.1.jar;C:\Program Files\Greenfoot\lib\javafx-fxml-20.0.1-win.jar;C:\Program Files\Greenfoot\lib\javafx-graphics-20.0.1-win.jar;C:\Program Files\Greenfoot\lib\javafx-graphics-20.0.1.jar;C:\Program Files\Greenfoot\lib\javafx-media-20.0.1-win.jar;C:\Program Files\Greenfoot\lib\javafx-media-20.0.1.jar;C:\Program Files\Greenfoot\lib\javafx-swing-20.0.1-win.jar;C:\Program Files\Greenfoot\lib\javafx-web-20.0.1-win.jar
Launcher Type: SUN_STANDARD

[Global flags]
     intx CICompilerCount                          = 4                                         {product} {ergonomic}
     uint ConcGCThreads                            = 2                                         {product} {ergonomic}
     uint G1ConcRefinementThreads                  = 8                                         {product} {ergonomic}
   size_t G1HeapRegionSize                         = 1048576                                   {product} {ergonomic}
    uintx GCDrainStackTargetSize                   = 64                                        {product} {ergonomic}
   size_t InitialHeapSize                          = 132120576                                 {product} {ergonomic}
   size_t MarkStackSize                            = 4194304                                   {product} {ergonomic}
   size_t MaxHeapSize                              = 2109734912                                {product} {ergonomic}
   size_t MaxNewSize                               = 1265631232                                {product} {ergonomic}
   size_t MinHeapDeltaBytes                        = 1048576                                   {product} {ergonomic}
   size_t MinHeapSize                              = 8388608                                   {product} {ergonomic}
    uintx NonNMethodCodeHeapSize                   = 5839372                                {pd product} {ergonomic}
    uintx NonProfiledCodeHeapSize                  = 122909434                              {pd product} {ergonomic}
    uintx ProfiledCodeHeapSize                     = 122909434                              {pd product} {ergonomic}
    uintx ReservedCodeCacheSize                    = 251658240                              {pd product} {ergonomic}
     bool SegmentedCodeCache                       = true                                      {product} {ergonomic}
   size_t SoftMaxHeapSize                          = 2109734912                             {manageable} {ergonomic}
     bool UseCompressedClassPointers               = true                           {product lp64_product} {ergonomic}
     bool UseCompressedOops                        = true                           {product lp64_product} {ergonomic}
     bool UseG1GC                                  = true                                      {product} {ergonomic}
     bool UseLargePagesIndividualAllocation        = false                                  {pd product} {ergonomic}

Logging:
Log output configuration:
 #0: stdout all=warning uptime,level,tags
 #1: stderr all=off uptime,level,tags

Environment Variables:
PATH=C:\Python312\Scripts\;C:\Python312\;C:\Program Files (x86)\Common Files\Oracle\Java\javapath;C:\ProgramData\Oracle\Java\javapath;C:\WINDOWS\system32;C:\WINDOWS;C:\WINDOWS\System32\Wbem;C:\WINDOWS\System32\WindowsPowerShell\v1.0\;C:\WINDOWS\System32\OpenSSH\;C:\Program Files\Common Files\Autodesk Shared\;C:\Program Files\Microsoft SQL Server\120\Tools\Binn\;C:\Program Files\nodejs\;C:\ProgramData\chocolatey\bin;C:\Program Files\Git\cmd;C:\Users\elena\AppData\Local\Microsoft\WindowsApps;;C:\Users\elena\AppData\Local\Programs\Microsoft VS Code\bin;C:\Users\elena\AppData\Roaming\npm
USERNAME=elena
OS=Windows_NT
PROCESSOR_IDENTIFIER=Intel64 Family 6 Model 142 Stepping 11, GenuineIntel
TMP=C:\Users\elena\AppData\Local\Temp
TEMP=C:\Users\elena\AppData\Local\Temp



---------------  S Y S T E M  ---------------

OS:
 Windows 11 , 64 bit Build 22621 (10.0.22621.3085)
OS uptime: 21 days 23:07 hours

CPU: total 8 (initial active 8) (4 cores per cpu, 2 threads per core) family 6 model 142 stepping 11 microcode 0xde, cx8, cmov, fxsr, ht, mmx, 3dnowpref, sse, sse2, sse3, ssse3, sse4.1, sse4.2, popcnt, lzcnt, tsc, tscinvbit, avx, avx2, aes, erms, clmul, bmi1, bmi2, adx, fma, vzeroupper, clflush, clflushopt

Memory: 4k page, system-wide physical 8043M (375M free)
TotalPageFile size 9944M (AvailPageFile size 19M)
current process WorkingSet (physical memory assigned to process): 399M, peak: 404M
current process commit charge ("private bytes"): 408M, peak: 501M

vm_info: OpenJDK 64-Bit Server VM (17.0.4.1+1) for windows-amd64 JRE (17.0.4.1+1), built on Aug 17 2022 07:42:43 by "temurin" with MS VC++ 16.7 (VS2019)

END.
