#
# There is insufficient memory for the Java Runtime Environment to continue.
# Native memory allocation (mmap) failed to map 90177536 bytes for G1 virtual space
# Possible reasons:
#   The system is out of physical RAM or swap space
#   The process is running with CompressedOops enabled, and the Java Heap may be blocking the growth of the native heap
# Possible solutions:
#   Reduce memory load on the system
#   Increase physical memory or swap space
#   Check if swap backing store is full
#   Decrease Java heap size (-Xmx/-Xms)
#   Decrease number of Java threads
#   Decrease Java thread stack sizes (-Xss)
#   Set larger code cache with -XX:ReservedCodeCacheSize=
#   JVM is running with Unscaled Compressed Oops mode in which the Java heap is
#     placed in the first 4GB address space. The Java Heap base address is the
#     maximum limit for the native heap growth. Please use -XX:HeapBaseMinAddress
#     to set the Java Heap base and to place the Java Heap above 4GB virtual address.
# This output file may be truncated or incomplete.
#
#  Out of Memory Error (os_windows.cpp:3541), pid=14468, tid=15484
#
# JRE version: OpenJDK Runtime Environment Temurin-17.0.4.1+1 (17.0.4.1+1) (build 17.0.4.1+1)
# Java VM: OpenJDK 64-Bit Server VM Temurin-17.0.4.1+1 (17.0.4.1+1, mixed mode, sharing, tiered, compressed oops, compressed class ptrs, g1 gc, windows-amd64)
# No core dump will be written. Minidumps are not enabled by default on client versions of Windows
#

---------------  S U M M A R Y ------------

Command Line: -Dhttps.protocols=TLSv1,TLSv1.1,TLSv1.2 bluej.Boot C:\Users\elena\Desktop\ÌSc\2Semester\xynogalos\EvilChickens\project.greenfoot -greenfoot=true -bluej.compiler.showunchecked=false

Host: Intel(R) Core(TM) i5-8265U CPU @ 1.60GHz, 8 cores, 7G,  Windows 11 , 64 bit Build 22621 (10.0.22621.3085)
Time: Fri May  3 17:02:54 2024  Windows 11 , 64 bit Build 22621 (10.0.22621.3085) elapsed time: 4.170746 seconds (0d 0h 0m 4s)

---------------  T H R E A D  ---------------

Current thread (0x000001ed278610d0):  VMThread "VM Thread" [stack: 0x0000001831300000,0x0000001831400000] [id=15484]

Stack: [0x0000001831300000,0x0000001831400000]
Native frames: (J=compiled Java code, j=interpreted, Vv=VM code, C=native code)
V  [jvm.dll+0x67731a]
V  [jvm.dll+0x832284]
V  [jvm.dll+0x833a2e]
V  [jvm.dll+0x834093]
V  [jvm.dll+0x245775]
V  [jvm.dll+0x674209]
V  [jvm.dll+0x668a92]
V  [jvm.dll+0x30471b]
V  [jvm.dll+0x30bc66]
V  [jvm.dll+0x35ba9e]
V  [jvm.dll+0x35bccf]
V  [jvm.dll+0x2db5b8]
V  [jvm.dll+0x2d986c]
V  [jvm.dll+0x2d8e3c]
V  [jvm.dll+0x31cd9b]
V  [jvm.dll+0x83853b]
V  [jvm.dll+0x839274]
V  [jvm.dll+0x83978c]
V  [jvm.dll+0x839b64]
V  [jvm.dll+0x839c30]
V  [jvm.dll+0x7e240a]
V  [jvm.dll+0x6761a5]
C  [ucrtbase.dll+0x29363]
C  [KERNEL32.DLL+0x1257d]
C  [ntdll.dll+0x5aa58]

VM_Operation (0x0000001834ffe520): G1CollectForAllocation, mode: safepoint, requested by thread 0x000001ed338e0370


---------------  P R O C E S S  ---------------

Threads class SMR info:
_java_thread_list=0x000001ed2e828130, length=41, elements={
0x000001ed09591270, 0x000001ed27866be0, 0x000001ed27867960, 0x000001ed2787e8d0,
0x000001ed278803a0, 0x000001ed27882d70, 0x000001ed2788b640, 0x000001ed2788f7e0,
0x000001ed278921a0, 0x000001ed27895ac0, 0x000001ed284cf6c0, 0x000001ed284d5df0,
0x000001ed284f3630, 0x000001ed285471f0, 0x000001ed2879e950, 0x000001ed28c92ed0,
0x000001ed28c93b40, 0x000001ed28e28f20, 0x000001ed28e71e80, 0x000001ed2d8c19e0,
0x000001ed2deecaa0, 0x000001ed2deed440, 0x000001ed2deea8f0, 0x000001ed2deeadc0,
0x000001ed2deed910, 0x000001ed2deec5d0, 0x000001ed2deedde0, 0x000001ed2deeb290,
0x000001ed2deebc30, 0x000001ed2deeb760, 0x000001ed338df500, 0x000001ed338e0840,
0x000001ed338e11e0, 0x000001ed338dce80, 0x000001ed338df030, 0x000001ed338dc9b0,
0x000001ed338ddcf0, 0x000001ed338e2050, 0x000001ed338e0370, 0x000001ed338df9d0,
0x000001ed338dfea0
}

Java Threads: ( => current thread )
  0x000001ed09591270 JavaThread "main" [_thread_blocked, id=11324, stack(0x0000001830d00000,0x0000001830e00000)]
  0x000001ed27866be0 JavaThread "Reference Handler" daemon [_thread_blocked, id=1572, stack(0x0000001831400000,0x0000001831500000)]
  0x000001ed27867960 JavaThread "Finalizer" daemon [_thread_blocked, id=15092, stack(0x0000001831500000,0x0000001831600000)]
  0x000001ed2787e8d0 JavaThread "Signal Dispatcher" daemon [_thread_blocked, id=17848, stack(0x0000001831600000,0x0000001831700000)]
  0x000001ed278803a0 JavaThread "Attach Listener" daemon [_thread_blocked, id=6480, stack(0x0000001831700000,0x0000001831800000)]
  0x000001ed27882d70 JavaThread "Service Thread" daemon [_thread_blocked, id=3432, stack(0x0000001831800000,0x0000001831900000)]
  0x000001ed2788b640 JavaThread "Monitor Deflation Thread" daemon [_thread_blocked, id=16912, stack(0x0000001831900000,0x0000001831a00000)]
  0x000001ed2788f7e0 JavaThread "C2 CompilerThread0" daemon [_thread_blocked, id=18104, stack(0x0000001831a00000,0x0000001831b00000)]
  0x000001ed278921a0 JavaThread "C1 CompilerThread0" daemon [_thread_blocked, id=17876, stack(0x0000001831b00000,0x0000001831c00000)]
  0x000001ed27895ac0 JavaThread "Sweeper thread" daemon [_thread_blocked, id=16204, stack(0x0000001831c00000,0x0000001831d00000)]
  0x000001ed284cf6c0 JavaThread "Notification Thread" daemon [_thread_blocked, id=6380, stack(0x0000001831d00000,0x0000001831e00000)]
  0x000001ed284d5df0 JavaThread "Common-Cleaner" daemon [_thread_blocked, id=2256, stack(0x0000001831f00000,0x0000001832000000)]
  0x000001ed284f3630 JavaThread "JavaFX-Launcher" [_thread_blocked, id=10660, stack(0x0000001832000000,0x0000001832100000)]
  0x000001ed285471f0 JavaThread "C2 CompilerThread1" daemon [_thread_in_native, id=16348, stack(0x0000001832100000,0x0000001832200000)]
  0x000001ed2879e950 JavaThread "QuantumRenderer-0" daemon [_thread_blocked, id=11564, stack(0x0000001832200000,0x0000001832300000)]
  0x000001ed28c92ed0 JavaThread "InvokeLaterDispatcher" daemon [_thread_blocked, id=10364, stack(0x0000001832300000,0x0000001832400000)]
  0x000001ed28c93b40 JavaThread "JavaFX Application Thread" [_thread_in_native, id=620, stack(0x0000001832400000,0x0000001832500000)]
  0x000001ed28e28f20 JavaThread "Thread-2" daemon [_thread_blocked, id=4380, stack(0x0000001832800000,0x0000001832900000)]
  0x000001ed28e71e80 JavaThread "subMain thread" [_thread_blocked, id=4976, stack(0x0000001832900000,0x0000001832a00000)]
  0x000001ed2d8c19e0 JavaThread "C2 CompilerThread2" daemon [_thread_blocked, id=14584, stack(0x0000001833800000,0x0000001833900000)]
  0x000001ed2deecaa0 JavaThread "Prism Font Disposer" daemon [_thread_blocked, id=8128, stack(0x0000001833b00000,0x0000001833c00000)]
  0x000001ed2deed440 JavaThread "pool-2-thread-1" [_thread_blocked, id=18800, stack(0x0000001833d00000,0x0000001833e00000)]
  0x000001ed2deea8f0 JavaThread "Import scanner" [_thread_blocked, id=904, stack(0x0000001833e00000,0x0000001833f00000)]
  0x000001ed2deeadc0 JavaThread "VMCommsMain" [_thread_blocked, id=17984, stack(0x0000001834100000,0x0000001834200000)]
  0x000001ed2deed910 JavaThread "Timer-0" [_thread_blocked, id=16344, stack(0x0000001834200000,0x0000001834300000)]
  0x000001ed2deec5d0 JavaThread "JDI Internal Event Handler" daemon [_thread_blocked, id=7892, stack(0x0000001834500000,0x0000001834600000)]
  0x000001ed2deedde0 JavaThread "JDI Target VM Interface" daemon [_thread_blocked, id=5240, stack(0x0000001834600000,0x0000001834700000)]
  0x000001ed2deeb290 JavaThread "BlueJ I/O Handler" [_thread_in_native, id=15228, stack(0x0000001834700000,0x0000001834800000)]
  0x000001ed2deebc30 JavaThread "BlueJ I/O Handler" [_thread_in_native, id=1664, stack(0x0000001834800000,0x0000001834900000)]
  0x000001ed2deeb760 JavaThread "BlueJ I/O Handler" [_thread_blocked, id=17340, stack(0x0000001834900000,0x0000001834a00000)]
  0x000001ed338df500 JavaThread "VM Event Handler Helper" [_thread_blocked, id=19392, stack(0x0000001834a00000,0x0000001834b00000)]
  0x000001ed338e0840 JavaThread "vm-event-handler" [_thread_blocked, id=16332, stack(0x0000001834b00000,0x0000001834c00000)]
  0x000001ed338e11e0 JavaThread "Keep-Alive-Timer" daemon [_thread_blocked, id=14388, stack(0x0000001834c00000,0x0000001834d00000)]
  0x000001ed338dce80 JavaThread "Cleaner-0" daemon [_thread_blocked, id=920, stack(0x0000001833900000,0x0000001833a00000)]
  0x000001ed338df030 JavaThread "ClassGraph-worker-7" daemon [_thread_blocked, id=4544, stack(0x0000001833a00000,0x0000001833b00000)]
  0x000001ed338dc9b0 JavaThread "ClassGraph-worker-8" daemon [_thread_blocked, id=6952, stack(0x0000001833c00000,0x0000001833d00000)]
  0x000001ed338ddcf0 JavaThread "ClassGraph-worker-9" daemon [_thread_blocked, id=1768, stack(0x0000001834d00000,0x0000001834e00000)]
  0x000001ed338e2050 JavaThread "ClassGraph-worker-10" daemon [_thread_blocked, id=7864, stack(0x0000001834e00000,0x0000001834f00000)]
  0x000001ed338e0370 JavaThread "ClassGraph-worker-11" daemon [_thread_blocked, id=10448, stack(0x0000001834f00000,0x0000001835000000)]
  0x000001ed338df9d0 JavaThread "ClassGraph-worker-12" daemon [_thread_blocked, id=14168, stack(0x0000001835000000,0x0000001835100000)]
  0x000001ed338dfea0 JavaThread "ClassGraph-worker-13" daemon [_thread_blocked, id=11636, stack(0x0000001835100000,0x0000001835200000)]

Other Threads:
=>0x000001ed278610d0 VMThread "VM Thread" [stack: 0x0000001831300000,0x0000001831400000] [id=15484]
  0x000001ed096095d0 WatcherThread [stack: 0x0000001831e00000,0x0000001831f00000] [id=16648]
  0x000001ed095ed360 GCTaskThread "GC Thread#0" [stack: 0x0000001830e00000,0x0000001830f00000] [id=15348]
  0x000001ed28fb0260 GCTaskThread "GC Thread#1" [stack: 0x0000001832a00000,0x0000001832b00000] [id=15752]
  0x000001ed28e336d0 GCTaskThread "GC Thread#2" [stack: 0x0000001832b00000,0x0000001832c00000] [id=14240]
  0x000001ed28e33980 GCTaskThread "GC Thread#3" [stack: 0x0000001832c00000,0x0000001832d00000] [id=8392]
  0x000001ed28e33c30 GCTaskThread "GC Thread#4" [stack: 0x0000001832d00000,0x0000001832e00000] [id=19300]
  0x000001ed28e33ee0 GCTaskThread "GC Thread#5" [stack: 0x0000001832e00000,0x0000001832f00000] [id=17096]
  0x000001ed28e34190 GCTaskThread "GC Thread#6" [stack: 0x0000001832f00000,0x0000001833000000] [id=18000]
  0x000001ed28f13f70 GCTaskThread "GC Thread#7" [stack: 0x0000001833000000,0x0000001833100000] [id=7268]
  0x000001ed095fe4d0 ConcurrentGCThread "G1 Main Marker" [stack: 0x0000001830f00000,0x0000001831000000] [id=6500]
  0x000001ed095fedf0 ConcurrentGCThread "G1 Conc#0" [stack: 0x0000001831000000,0x0000001831100000] [id=18748]
  0x000001ed301e1770 ConcurrentGCThread "G1 Conc#1" [stack: 0x0000001833f00000,0x0000001834000000] [id=3580]
  0x000001ed277220c0 ConcurrentGCThread "G1 Refine#0" [stack: 0x0000001831100000,0x0000001831200000] [id=10004]
  0x000001ed28eec070 ConcurrentGCThread "G1 Refine#1" [stack: 0x0000001833100000,0x0000001833200000] [id=3284]
  0x000001ed2d8fc990 ConcurrentGCThread "G1 Refine#2" [stack: 0x0000001833200000,0x0000001833300000] [id=5768]
  0x000001ed28f825c0 ConcurrentGCThread "G1 Refine#3" [stack: 0x0000001833300000,0x0000001833400000] [id=1748]
  0x000001ed28f82e60 ConcurrentGCThread "G1 Refine#4" [stack: 0x0000001833400000,0x0000001833500000] [id=18248]
  0x000001ed30579d60 ConcurrentGCThread "G1 Refine#5" [stack: 0x0000001835200000,0x0000001835300000] [id=10140]
  0x000001ed27723a00 ConcurrentGCThread "G1 Service" [stack: 0x0000001831200000,0x0000001831300000] [id=6620]

Threads with active compile tasks:
C2 CompilerThread0     4214 4787   !   4       java.util.concurrent.ConcurrentHashMap::transfer (849 bytes)
C2 CompilerThread1     4214 4724       4       jdk.internal.jimage.ImageLocation::getFullName (109 bytes)
C2 CompilerThread2     4214 4774       4       java.util.regex.Matcher::match (154 bytes)

VM state: at safepoint (normal execution)

VM Mutex/Monitor currently owned by a thread:  ([mutex/lock_event])
[0x000001ed0958dc60] Threads_lock - owner thread: 0x000001ed278610d0
[0x000001ed0958d3f0] Heap_lock - owner thread: 0x000001ed338e0370

Heap address: 0x0000000082400000, size: 2012 MB, Compressed Oops mode: 32-bit

CDS archive(s) mapped at: [0x0000000800000000-0x0000000800bc0000-0x0000000800bc0000), size 12320768, SharedBaseAddress: 0x0000000800000000, ArchiveRelocationMode: 0.
Compressed class space mapped at: 0x0000000800c00000-0x0000000840c00000, reserved size: 1073741824
Narrow klass base: 0x0000000800000000, Narrow klass shift: 0, Narrow klass range: 0x100000000

GC Precious Log:
 CPUs: 8 total, 8 available
 Memory: 8043M
 Large Page Support: Disabled
 NUMA Support: Disabled
 Compressed Oops: Enabled (32-bit)
 Heap Region Size: 1M
 Heap Min Capacity: 8M
 Heap Initial Capacity: 126M
 Heap Max Capacity: 2012M
 Pre-touch: Disabled
 Parallel Workers: 8
 Concurrent Workers: 2
 Concurrent Refinement Workers: 8
 Periodic GC: Disabled

Heap:
 garbage-first heap   total 147456K, used 62203K [0x0000000082400000, 0x0000000100000000)
  region size 1024K, 2 young (2048K), 2 survivors (2048K)
 Metaspace       used 34059K, committed 34432K, reserved 1081344K
  class space    used 4932K, committed 5120K, reserved 1048576K

Heap Regions: E=young(eden), S=young(survivor), O=old, HS=humongous(starts), HC=humongous(continues), CS=collection set, F=free, OA=open archive, CA=closed archive, TAMS=top-at-mark-start (previous, next)
|   0|0x0000000082400000, 0x0000000082500000, 0x0000000082500000|100%|HS|  |TAMS 0x0000000082500000, 0x0000000082400000| Complete 
|   1|0x0000000082500000, 0x0000000082600000, 0x0000000082600000|100%| O|  |TAMS 0x0000000082600000, 0x0000000082500000| Untracked 
|   2|0x0000000082600000, 0x0000000082700000, 0x0000000082700000|100%| O|  |TAMS 0x0000000082700000, 0x0000000082600000| Untracked 
|   3|0x0000000082700000, 0x0000000082800000, 0x0000000082800000|100%| O|  |TAMS 0x0000000082800000, 0x0000000082700000| Untracked 
|   4|0x0000000082800000, 0x0000000082900000, 0x0000000082900000|100%| O|  |TAMS 0x0000000082900000, 0x0000000082800000| Untracked 
|   5|0x0000000082900000, 0x0000000082a00000, 0x0000000082a00000|100%| O|  |TAMS 0x0000000082a00000, 0x0000000082900000| Untracked 
|   6|0x0000000082a00000, 0x0000000082a39400, 0x0000000082b00000| 22%| O|  |TAMS 0x0000000082a39400, 0x0000000082a00000| Untracked 
|   7|0x0000000082b00000, 0x0000000082c00000, 0x0000000082c00000|100%| O|  |TAMS 0x0000000082c00000, 0x0000000082b00000| Untracked 
|   8|0x0000000082c00000, 0x0000000082d00000, 0x0000000082d00000|100%| O|  |TAMS 0x0000000082d00000, 0x0000000082c00000| Untracked 
|   9|0x0000000082d00000, 0x0000000082e00000, 0x0000000082e00000|100%| O|  |TAMS 0x0000000082e00000, 0x0000000082d00000| Untracked 
|  10|0x0000000082e00000, 0x0000000082f00000, 0x0000000082f00000|100%| O|  |TAMS 0x0000000082f00000, 0x0000000082e00000| Untracked 
|  11|0x0000000082f00000, 0x0000000083000000, 0x0000000083000000|100%| O|  |TAMS 0x0000000083000000, 0x0000000082f00000| Untracked 
|  12|0x0000000083000000, 0x0000000083100000, 0x0000000083100000|100%|HS|  |TAMS 0x0000000083100000, 0x0000000083000000| Complete 
|  13|0x0000000083100000, 0x0000000083200000, 0x0000000083200000|100%|HC|  |TAMS 0x0000000083200000, 0x0000000083100000| Complete 
|  14|0x0000000083200000, 0x0000000083300000, 0x0000000083300000|100%| O|  |TAMS 0x0000000083300000, 0x0000000083200000| Untracked 
|  15|0x0000000083300000, 0x0000000083400000, 0x0000000083400000|100%| O|  |TAMS 0x0000000083400000, 0x0000000083300000| Untracked 
|  16|0x0000000083400000, 0x0000000083500000, 0x0000000083500000|100%| O|  |TAMS 0x0000000083500000, 0x0000000083400000| Untracked 
|  17|0x0000000083500000, 0x0000000083600000, 0x0000000083600000|100%| O|  |TAMS 0x0000000083600000, 0x0000000083500000| Untracked 
|  18|0x0000000083600000, 0x0000000083700000, 0x0000000083700000|100%| O|  |TAMS 0x0000000083629000, 0x0000000083600000| Untracked 
|  19|0x0000000083700000, 0x0000000083800000, 0x0000000083800000|100%| O|  |TAMS 0x0000000083800000, 0x0000000083700000| Untracked 
|  20|0x0000000083800000, 0x0000000083900000, 0x0000000083900000|100%| O|  |TAMS 0x0000000083900000, 0x0000000083800000| Untracked 
|  21|0x0000000083900000, 0x0000000083a00000, 0x0000000083a00000|100%| O|  |TAMS 0x0000000083a00000, 0x0000000083900000| Untracked 
|  22|0x0000000083a00000, 0x0000000083b00000, 0x0000000083b00000|100%| O|  |TAMS 0x0000000083b00000, 0x0000000083a00000| Untracked 
|  23|0x0000000083b00000, 0x0000000083c00000, 0x0000000083c00000|100%| O|  |TAMS 0x0000000083c00000, 0x0000000083b00000| Untracked 
|  24|0x0000000083c00000, 0x0000000083d00000, 0x0000000083d00000|100%| O|  |TAMS 0x0000000083c00000, 0x0000000083c00000| Untracked 
|  25|0x0000000083d00000, 0x0000000083e00000, 0x0000000083e00000|100%| O|  |TAMS 0x0000000083d00000, 0x0000000083d00000| Untracked 
|  26|0x0000000083e00000, 0x0000000083f00000, 0x0000000083f00000|100%| O|  |TAMS 0x0000000083e00000, 0x0000000083e00000| Untracked 
|  27|0x0000000083f00000, 0x0000000084000000, 0x0000000084000000|100%| O|  |TAMS 0x0000000083f00000, 0x0000000083f00000| Untracked 
|  28|0x0000000084000000, 0x0000000084100000, 0x0000000084100000|100%| O|  |TAMS 0x0000000084000000, 0x0000000084000000| Untracked 
|  29|0x0000000084100000, 0x0000000084200000, 0x0000000084200000|100%| O|  |TAMS 0x0000000084100000, 0x0000000084100000| Untracked 
|  30|0x0000000084200000, 0x0000000084300000, 0x0000000084300000|100%| O|  |TAMS 0x0000000084200000, 0x0000000084200000| Untracked 
|  31|0x0000000084300000, 0x0000000084400000, 0x0000000084400000|100%| O|  |TAMS 0x0000000084300000, 0x0000000084300000| Untracked 
|  32|0x0000000084400000, 0x0000000084500000, 0x0000000084500000|100%| O|  |TAMS 0x0000000084400000, 0x0000000084400000| Untracked 
|  33|0x0000000084500000, 0x0000000084600000, 0x0000000084600000|100%| O|  |TAMS 0x0000000084500000, 0x0000000084500000| Untracked 
|  34|0x0000000084600000, 0x0000000084700000, 0x0000000084700000|100%| O|  |TAMS 0x0000000084600000, 0x0000000084600000| Untracked 
|  35|0x0000000084700000, 0x0000000084800000, 0x0000000084800000|100%| O|  |TAMS 0x0000000084700000, 0x0000000084700000| Untracked 
|  36|0x0000000084800000, 0x0000000084900000, 0x0000000084900000|100%| O|  |TAMS 0x0000000084800000, 0x0000000084800000| Untracked 
|  37|0x0000000084900000, 0x0000000084a00000, 0x0000000084a00000|100%| O|  |TAMS 0x0000000084900000, 0x0000000084900000| Untracked 
|  38|0x0000000084a00000, 0x0000000084b00000, 0x0000000084b00000|100%| O|  |TAMS 0x0000000084a00000, 0x0000000084a00000| Untracked 
|  39|0x0000000084b00000, 0x0000000084c00000, 0x0000000084c00000|100%| O|  |TAMS 0x0000000084b00000, 0x0000000084b00000| Untracked 
|  40|0x0000000084c00000, 0x0000000084d00000, 0x0000000084d00000|100%| O|  |TAMS 0x0000000084c00000, 0x0000000084c00000| Untracked 
|  41|0x0000000084d00000, 0x0000000084e00000, 0x0000000084e00000|100%| O|  |TAMS 0x0000000084d00000, 0x0000000084d00000| Untracked 
|  42|0x0000000084e00000, 0x0000000084f00000, 0x0000000084f00000|100%| O|  |TAMS 0x0000000084e00000, 0x0000000084e00000| Untracked 
|  43|0x0000000084f00000, 0x0000000085000000, 0x0000000085000000|100%| O|  |TAMS 0x0000000084f00000, 0x0000000084f00000| Untracked 
|  44|0x0000000085000000, 0x0000000085100000, 0x0000000085100000|100%| O|  |TAMS 0x0000000085000000, 0x0000000085000000| Untracked 
|  45|0x0000000085100000, 0x0000000085200000, 0x0000000085200000|100%| O|  |TAMS 0x0000000085100000, 0x0000000085100000| Untracked 
|  46|0x0000000085200000, 0x0000000085300000, 0x0000000085300000|100%| O|  |TAMS 0x0000000085200000, 0x0000000085200000| Untracked 
|  47|0x0000000085300000, 0x0000000085400000, 0x0000000085400000|100%| O|  |TAMS 0x0000000085300000, 0x0000000085300000| Untracked 
|  48|0x0000000085400000, 0x0000000085500000, 0x0000000085500000|100%| O|  |TAMS 0x0000000085400000, 0x0000000085400000| Untracked 
|  49|0x0000000085500000, 0x0000000085600000, 0x0000000085600000|100%| O|  |TAMS 0x0000000085500000, 0x0000000085500000| Untracked 
|  50|0x0000000085600000, 0x0000000085700000, 0x0000000085700000|100%| O|  |TAMS 0x0000000085600000, 0x0000000085600000| Untracked 
|  51|0x0000000085700000, 0x0000000085800000, 0x0000000085800000|100%| O|  |TAMS 0x0000000085700000, 0x0000000085700000| Untracked 
|  52|0x0000000085800000, 0x0000000085900000, 0x0000000085900000|100%| O|  |TAMS 0x0000000085800000, 0x0000000085800000| Untracked 
|  53|0x0000000085900000, 0x0000000085a00000, 0x0000000085a00000|100%| O|  |TAMS 0x0000000085900000, 0x0000000085900000| Untracked 
|  54|0x0000000085a00000, 0x0000000085b00000, 0x0000000085b00000|100%| O|  |TAMS 0x0000000085a00000, 0x0000000085a00000| Untracked 
|  55|0x0000000085b00000, 0x0000000085c00000, 0x0000000085c00000|100%| O|  |TAMS 0x0000000085b00000, 0x0000000085b00000| Untracked 
|  56|0x0000000085c00000, 0x0000000085ca9c00, 0x0000000085d00000| 66%| O|  |TAMS 0x0000000085c00000, 0x0000000085c00000| Untracked 
|  57|0x0000000085d00000, 0x0000000085d00000, 0x0000000085e00000|  0%| F|  |TAMS 0x0000000085d00000, 0x0000000085d00000| Untracked 
|  58|0x0000000085e00000, 0x0000000085e00000, 0x0000000085f00000|  0%| F|  |TAMS 0x0000000085e00000, 0x0000000085e00000| Untracked 
|  59|0x0000000085f00000, 0x0000000086000000, 0x0000000086000000|100%| O|  |TAMS 0x0000000085f00000, 0x0000000085f00000| Untracked 
|  60|0x0000000086000000, 0x0000000086100000, 0x0000000086100000|100%| O|  |TAMS 0x0000000086000000, 0x0000000086000000| Untracked 
|  61|0x0000000086100000, 0x0000000086200000, 0x0000000086200000|100%| O|  |TAMS 0x0000000086100000, 0x0000000086100000| Untracked 
|  62|0x0000000086200000, 0x0000000086200000, 0x0000000086300000|  0%| F|  |TAMS 0x0000000086200000, 0x0000000086200000| Untracked 
|  63|0x0000000086300000, 0x0000000086300000, 0x0000000086400000|  0%| F|  |TAMS 0x0000000086300000, 0x0000000086300000| Untracked 
|  64|0x0000000086400000, 0x0000000086400000, 0x0000000086500000|  0%| F|  |TAMS 0x0000000086400000, 0x0000000086400000| Untracked 
|  65|0x0000000086500000, 0x0000000086500000, 0x0000000086600000|  0%| F|  |TAMS 0x0000000086500000, 0x0000000086500000| Untracked 
|  66|0x0000000086600000, 0x0000000086600000, 0x0000000086700000|  0%| F|  |TAMS 0x0000000086600000, 0x0000000086600000| Untracked 
|  67|0x0000000086700000, 0x0000000086700000, 0x0000000086800000|  0%| F|  |TAMS 0x0000000086700000, 0x0000000086700000| Untracked 
|  68|0x0000000086800000, 0x0000000086800000, 0x0000000086900000|  0%| F|  |TAMS 0x0000000086800000, 0x0000000086800000| Untracked 
|  69|0x0000000086900000, 0x0000000086900000, 0x0000000086a00000|  0%| F|  |TAMS 0x0000000086900000, 0x0000000086900000| Untracked 
|  70|0x0000000086a00000, 0x0000000086a00000, 0x0000000086b00000|  0%| F|  |TAMS 0x0000000086a00000, 0x0000000086a00000| Untracked 
|  71|0x0000000086b00000, 0x0000000086b00000, 0x0000000086c00000|  0%| F|  |TAMS 0x0000000086b00000, 0x0000000086b00000| Untracked 
|  72|0x0000000086c00000, 0x0000000086c00000, 0x0000000086d00000|  0%| F|  |TAMS 0x0000000086c00000, 0x0000000086c00000| Untracked 
|  73|0x0000000086d00000, 0x0000000086d00000, 0x0000000086e00000|  0%| F|  |TAMS 0x0000000086d00000, 0x0000000086d00000| Untracked 
|  74|0x0000000086e00000, 0x0000000086e00000, 0x0000000086f00000|  0%| F|  |TAMS 0x0000000086e00000, 0x0000000086e00000| Untracked 
|  75|0x0000000086f00000, 0x0000000086f00000, 0x0000000087000000|  0%| F|  |TAMS 0x0000000086f00000, 0x0000000086f00000| Untracked 
|  76|0x0000000087000000, 0x0000000087000000, 0x0000000087100000|  0%| F|  |TAMS 0x0000000087000000, 0x0000000087000000| Untracked 
|  77|0x0000000087100000, 0x0000000087100000, 0x0000000087200000|  0%| F|  |TAMS 0x0000000087100000, 0x0000000087100000| Untracked 
|  78|0x0000000087200000, 0x0000000087200000, 0x0000000087300000|  0%| F|  |TAMS 0x0000000087200000, 0x0000000087200000| Untracked 
|  79|0x0000000087300000, 0x0000000087300000, 0x0000000087400000|  0%| F|  |TAMS 0x0000000087300000, 0x0000000087300000| Untracked 
|  80|0x0000000087400000, 0x0000000087400000, 0x0000000087500000|  0%| F|  |TAMS 0x0000000087400000, 0x0000000087400000| Untracked 
|  81|0x0000000087500000, 0x0000000087500000, 0x0000000087600000|  0%| F|  |TAMS 0x0000000087500000, 0x0000000087500000| Untracked 
|  82|0x0000000087600000, 0x0000000087600000, 0x0000000087700000|  0%| F|  |TAMS 0x0000000087600000, 0x0000000087600000| Untracked 
|  83|0x0000000087700000, 0x0000000087700000, 0x0000000087800000|  0%| F|  |TAMS 0x0000000087700000, 0x0000000087700000| Untracked 
|  84|0x0000000087800000, 0x0000000087800000, 0x0000000087900000|  0%| F|  |TAMS 0x0000000087800000, 0x0000000087800000| Untracked 
|  85|0x0000000087900000, 0x0000000087900000, 0x0000000087a00000|  0%| F|  |TAMS 0x0000000087900000, 0x0000000087900000| Untracked 
|  86|0x0000000087a00000, 0x0000000087a00000, 0x0000000087b00000|  0%| F|  |TAMS 0x0000000087a00000, 0x0000000087a00000| Untracked 
|  87|0x0000000087b00000, 0x0000000087b00000, 0x0000000087c00000|  0%| F|  |TAMS 0x0000000087b00000, 0x0000000087b00000| Untracked 
|  88|0x0000000087c00000, 0x0000000087c00000, 0x0000000087d00000|  0%| F|  |TAMS 0x0000000087c00000, 0x0000000087c00000| Untracked 
|  89|0x0000000087d00000, 0x0000000087d00000, 0x0000000087e00000|  0%| F|  |TAMS 0x0000000087d00000, 0x0000000087d00000| Untracked 
|  90|0x0000000087e00000, 0x0000000087edbf20, 0x0000000087f00000| 85%| S|CS|TAMS 0x0000000087e00000, 0x0000000087e00000| Complete 
|  91|0x0000000087f00000, 0x0000000088000000, 0x0000000088000000|100%| S|CS|TAMS 0x0000000087f00000, 0x0000000087f00000| Complete 
|  92|0x0000000088000000, 0x0000000088000000, 0x0000000088100000|  0%| F|  |TAMS 0x0000000088000000, 0x0000000088000000| Untracked 
|  93|0x0000000088100000, 0x0000000088100000, 0x0000000088200000|  0%| F|  |TAMS 0x0000000088100000, 0x0000000088100000| Untracked 
|  94|0x0000000088200000, 0x0000000088200000, 0x0000000088300000|  0%| F|  |TAMS 0x0000000088200000, 0x0000000088200000| Untracked 
|  95|0x0000000088300000, 0x0000000088300000, 0x0000000088400000|  0%| F|  |TAMS 0x0000000088300000, 0x0000000088300000| Untracked 
|  96|0x0000000088400000, 0x0000000088400000, 0x0000000088500000|  0%| F|  |TAMS 0x0000000088400000, 0x0000000088400000| Untracked 
|  97|0x0000000088500000, 0x0000000088500000, 0x0000000088600000|  0%| F|  |TAMS 0x0000000088500000, 0x0000000088500000| Untracked 
|  98|0x0000000088600000, 0x0000000088600000, 0x0000000088700000|  0%| F|  |TAMS 0x0000000088600000, 0x0000000088600000| Untracked 
|  99|0x0000000088700000, 0x0000000088700000, 0x0000000088800000|  0%| F|  |TAMS 0x0000000088700000, 0x0000000088700000| Untracked 
| 100|0x0000000088800000, 0x0000000088800000, 0x0000000088900000|  0%| F|  |TAMS 0x0000000088800000, 0x0000000088800000| Untracked 
| 101|0x0000000088900000, 0x0000000088900000, 0x0000000088a00000|  0%| F|  |TAMS 0x0000000088900000, 0x0000000088900000| Untracked 
| 102|0x0000000088a00000, 0x0000000088a00000, 0x0000000088b00000|  0%| F|  |TAMS 0x0000000088a00000, 0x0000000088a00000| Untracked 
| 103|0x0000000088b00000, 0x0000000088b00000, 0x0000000088c00000|  0%| F|  |TAMS 0x0000000088b00000, 0x0000000088b00000| Untracked 
| 104|0x0000000088c00000, 0x0000000088c00000, 0x0000000088d00000|  0%| F|  |TAMS 0x0000000088c00000, 0x0000000088c00000| Untracked 
| 105|0x0000000088d00000, 0x0000000088d00000, 0x0000000088e00000|  0%| F|  |TAMS 0x0000000088d00000, 0x0000000088d00000| Untracked 
| 106|0x0000000088e00000, 0x0000000088e00000, 0x0000000088f00000|  0%| F|  |TAMS 0x0000000088e00000, 0x0000000088e00000| Untracked 
| 107|0x0000000088f00000, 0x0000000088f00000, 0x0000000089000000|  0%| F|  |TAMS 0x0000000088f00000, 0x0000000088f00000| Untracked 
| 108|0x0000000089000000, 0x0000000089000000, 0x0000000089100000|  0%| F|  |TAMS 0x0000000089000000, 0x0000000089000000| Untracked 
| 109|0x0000000089100000, 0x0000000089100000, 0x0000000089200000|  0%| F|  |TAMS 0x0000000089100000, 0x0000000089100000| Untracked 
| 110|0x0000000089200000, 0x0000000089200000, 0x0000000089300000|  0%| F|  |TAMS 0x0000000089200000, 0x0000000089200000| Untracked 
| 111|0x0000000089300000, 0x0000000089300000, 0x0000000089400000|  0%| F|  |TAMS 0x0000000089300000, 0x0000000089300000| Untracked 
| 112|0x0000000089400000, 0x0000000089400000, 0x0000000089500000|  0%| F|  |TAMS 0x0000000089400000, 0x0000000089400000| Untracked 
| 113|0x0000000089500000, 0x0000000089500000, 0x0000000089600000|  0%| F|  |TAMS 0x0000000089500000, 0x0000000089500000| Untracked 
| 114|0x0000000089600000, 0x0000000089600000, 0x0000000089700000|  0%| F|  |TAMS 0x0000000089600000, 0x0000000089600000| Untracked 
| 115|0x0000000089700000, 0x0000000089700000, 0x0000000089800000|  0%| F|  |TAMS 0x0000000089700000, 0x0000000089700000| Untracked 
| 116|0x0000000089800000, 0x0000000089800000, 0x0000000089900000|  0%| F|  |TAMS 0x0000000089800000, 0x0000000089800000| Untracked 
| 117|0x0000000089900000, 0x0000000089900000, 0x0000000089a00000|  0%| F|  |TAMS 0x0000000089900000, 0x0000000089900000| Untracked 
| 118|0x0000000089a00000, 0x0000000089a00000, 0x0000000089b00000|  0%| F|  |TAMS 0x0000000089a00000, 0x0000000089a00000| Untracked 
| 119|0x0000000089b00000, 0x0000000089b00000, 0x0000000089c00000|  0%| F|  |TAMS 0x0000000089b00000, 0x0000000089b00000| Untracked 
| 120|0x0000000089c00000, 0x0000000089c00000, 0x0000000089d00000|  0%| F|  |TAMS 0x0000000089c00000, 0x0000000089c00000| Untracked 
| 121|0x0000000089d00000, 0x0000000089d00000, 0x0000000089e00000|  0%| F|  |TAMS 0x0000000089d00000, 0x0000000089d00000| Untracked 
| 122|0x0000000089e00000, 0x0000000089e00000, 0x0000000089f00000|  0%| F|  |TAMS 0x0000000089e00000, 0x0000000089e00000| Untracked 
| 123|0x0000000089f00000, 0x0000000089f00000, 0x000000008a000000|  0%| F|  |TAMS 0x0000000089f00000, 0x0000000089f00000| Untracked 
| 124|0x000000008a000000, 0x000000008a000000, 0x000000008a100000|  0%| F|  |TAMS 0x000000008a000000, 0x000000008a000000| Untracked 
| 125|0x000000008a100000, 0x000000008a100000, 0x000000008a200000|  0%| F|  |TAMS 0x000000008a100000, 0x000000008a100000| Untracked 
| 126|0x000000008a200000, 0x000000008a200000, 0x000000008a300000|  0%| F|  |TAMS 0x000000008a200000, 0x000000008a200000| Untracked 
| 127|0x000000008a300000, 0x000000008a300000, 0x000000008a400000|  0%| F|  |TAMS 0x000000008a300000, 0x000000008a300000| Untracked 
| 128|0x000000008a400000, 0x000000008a400000, 0x000000008a500000|  0%| F|  |TAMS 0x000000008a400000, 0x000000008a400000| Untracked 
| 129|0x000000008a500000, 0x000000008a500000, 0x000000008a600000|  0%| F|  |TAMS 0x000000008a500000, 0x000000008a500000| Untracked 
| 130|0x000000008a600000, 0x000000008a600000, 0x000000008a700000|  0%| F|  |TAMS 0x000000008a600000, 0x000000008a600000| Untracked 
| 131|0x000000008a700000, 0x000000008a700000, 0x000000008a800000|  0%| F|  |TAMS 0x000000008a700000, 0x000000008a700000| Untracked 
| 132|0x000000008a800000, 0x000000008a800000, 0x000000008a900000|  0%| F|  |TAMS 0x000000008a800000, 0x000000008a800000| Untracked 
| 133|0x000000008a900000, 0x000000008a900000, 0x000000008aa00000|  0%| F|  |TAMS 0x000000008a900000, 0x000000008a900000| Untracked 
| 134|0x000000008aa00000, 0x000000008aa00000, 0x000000008ab00000|  0%| F|  |TAMS 0x000000008aa00000, 0x000000008aa00000| Untracked 
| 135|0x000000008ab00000, 0x000000008ab00000, 0x000000008ac00000|  0%| F|  |TAMS 0x000000008ab00000, 0x000000008ab00000| Untracked 
| 136|0x000000008ac00000, 0x000000008ac00000, 0x000000008ad00000|  0%| F|  |TAMS 0x000000008ac00000, 0x000000008ac00000| Untracked 
| 137|0x000000008ad00000, 0x000000008ad00000, 0x000000008ae00000|  0%| F|  |TAMS 0x000000008ad00000, 0x000000008ad00000| Untracked 
| 138|0x000000008ae00000, 0x000000008ae00000, 0x000000008af00000|  0%| F|  |TAMS 0x000000008ae00000, 0x000000008ae00000| Untracked 
| 139|0x000000008af00000, 0x000000008af00000, 0x000000008b000000|  0%| F|  |TAMS 0x000000008af00000, 0x000000008af00000| Untracked 
| 140|0x000000008b000000, 0x000000008b000000, 0x000000008b100000|  0%| F|  |TAMS 0x000000008b000000, 0x000000008b000000| Untracked 
| 141|0x000000008b100000, 0x000000008b100000, 0x000000008b200000|  0%| F|  |TAMS 0x000000008b100000, 0x000000008b100000| Untracked 
| 142|0x000000008b200000, 0x000000008b200000, 0x000000008b300000|  0%| F|  |TAMS 0x000000008b200000, 0x000000008b200000| Untracked 
| 143|0x000000008b300000, 0x000000008b300000, 0x000000008b400000|  0%| F|  |TAMS 0x000000008b300000, 0x000000008b300000| Untracked 

Card table byte_map: [0x000001ed207a0000,0x000001ed20b90000] _byte_map_base: 0x000001ed2038e000

Marking Bits (Prev, Next): (CMBitMap*) 0x000001ed095ed880, (CMBitMap*) 0x000001ed095ed8c0
 Prev Bits: [0x000001ed20f80000, 0x000001ed22ef0000)
 Next Bits: [0x000001ed22ef0000, 0x000001ed24e60000)

Polling page: 0x000001ed07560000

Metaspace:

Usage:
  Non-class:     28.44 MB used.
      Class:      4.82 MB used.
       Both:     33.26 MB used.

Virtual space:
  Non-class space:       32.00 MB reserved,      28.62 MB ( 89%) committed,  4 nodes.
      Class space:        1.00 GB reserved,       5.00 MB ( <1%) committed,  1 nodes.
             Both:        1.03 GB reserved,      33.62 MB (  3%) committed. 

Chunk freelists:
   Non-Class:  2.69 MB
       Class:  3.00 MB
        Both:  5.68 MB

MaxMetaspaceSize: unlimited
CompressedClassSpaceSize: 1.00 GB
Initial GC threshold: 21.00 MB
Current GC threshold: 54.00 MB
CDS: on
MetaspaceReclaimPolicy: balanced
 - commit_granule_bytes: 65536.
 - commit_granule_words: 8192.
 - virtual_space_node_default_size: 1048576.
 - enlarge_chunks_in_place: 1.
 - new_chunks_are_fully_committed: 0.
 - uncommit_free_chunks: 1.
 - use_allocation_guard: 0.
 - handle_deallocations: 1.


Internal statistics:

num_allocs_failed_limit: 3.
num_arena_births: 360.
num_arena_deaths: 0.
num_vsnodes_births: 5.
num_vsnodes_deaths: 0.
num_space_committed: 538.
num_space_uncommitted: 0.
num_chunks_returned_to_freelist: 3.
num_chunks_taken_from_freelist: 1430.
num_chunk_merges: 0.
num_chunk_splits: 922.
num_chunks_enlarged: 640.
num_purges: 0.
num_inconsistent_stats: 0.

CodeHeap 'non-profiled nmethods': size=120000Kb used=2393Kb max_used=2393Kb free=117606Kb
 bounds [0x000001ed18b40000, 0x000001ed18db0000, 0x000001ed20070000]
CodeHeap 'profiled nmethods': size=120000Kb used=10017Kb max_used=10017Kb free=109982Kb
 bounds [0x000001ed11610000, 0x000001ed11fe0000, 0x000001ed18b40000]
CodeHeap 'non-nmethods': size=5760Kb used=1545Kb max_used=1596Kb free=4214Kb
 bounds [0x000001ed11070000, 0x000001ed112e0000, 0x000001ed11610000]
 total_blobs=5735 nmethods=4796 adapters=850
 compilation: enabled
              stopped_count=0, restarted_count=0
 full_count=0

Compilation events (20 events):
Event: 4.140 Thread 0x000001ed278921a0 4836       2       java.util.Optional::map (30 bytes)
Event: 4.140 Thread 0x000001ed278921a0 nmethod 4836 0x000001ed11fd3410 code [0x000001ed11fd35e0, 0x000001ed11fd3918]
Event: 4.140 Thread 0x000001ed278921a0 4842       2       jdk.internal.module.SystemModuleFinders$SystemModuleReader::open (15 bytes)
Event: 4.141 Thread 0x000001ed278921a0 nmethod 4842 0x000001ed11fd3a10 code [0x000001ed11fd3c40, 0x000001ed11fd42c8]
Event: 4.141 Thread 0x000001ed278921a0 4843   !   2       io.github.classgraph.ClasspathElementModule$1::open (118 bytes)
Event: 4.142 Thread 0x000001ed278921a0 nmethod 4843 0x000001ed11fd4610 code [0x000001ed11fd48c0, 0x000001ed11fd5278]
Event: 4.142 Thread 0x000001ed278921a0 4840   !   2       jdk.internal.module.SystemModuleFinders$SystemModuleReader::toInputStream (43 bytes)
Event: 4.143 Thread 0x000001ed278921a0 nmethod 4840 0x000001ed11fd5890 code [0x000001ed11fd5a80, 0x000001ed11fd60a8]
Event: 4.143 Thread 0x000001ed278921a0 4839       2       io.github.classgraph.ModuleReaderProxy::open (10 bytes)
Event: 4.143 Thread 0x000001ed278921a0 nmethod 4839 0x000001ed11fd6410 code [0x000001ed11fd65a0, 0x000001ed11fd6708]
Event: 4.143 Thread 0x000001ed278921a0 4841       2       jdk.internal.module.SystemModuleFinders$SystemModuleReader$$Lambda$26/0x0000000800c53348::apply (12 bytes)
Event: 4.143 Thread 0x000001ed278921a0 nmethod 4841 0x000001ed11fd6810 code [0x000001ed11fd69c0, 0x000001ed11fd6b28]
Event: 4.143 Thread 0x000001ed278921a0 4838       2       io.github.classgraph.ModuleReaderProxy::openOrRead (113 bytes)
Event: 4.144 Thread 0x000001ed278921a0 nmethod 4838 0x000001ed11fd6c10 code [0x000001ed11fd6e80, 0x000001ed11fd7498]
Event: 4.144 Thread 0x000001ed278921a0 4844   !   2       jdk.internal.reflect.GeneratedMethodAccessor14::invoke (67 bytes)
Event: 4.144 Thread 0x000001ed278921a0 nmethod 4844 0x000001ed11fd7810 code [0x000001ed11fd7a20, 0x000001ed11fd7f58]
Event: 4.144 Thread 0x000001ed278921a0 4807       2       java.util.stream.ReduceOps$3ReducingSink::<init> (20 bytes)
Event: 4.145 Thread 0x000001ed278921a0 nmethod 4807 0x000001ed11fd8290 code [0x000001ed11fd8420, 0x000001ed11fd8638]
Event: 4.145 Thread 0x000001ed2788f7e0 nmethod 4735 0x000001ed18d91510 code [0x000001ed18d91800, 0x000001ed18d94ec0]
Event: 4.146 Thread 0x000001ed2788f7e0 4787   !   4       java.util.concurrent.ConcurrentHashMap::transfer (849 bytes)

GC Heap History (20 events):
Event: 3.136 GC heap after
{Heap after GC invocations=13 (full 0):
 garbage-first heap   total 78848K, used 31687K [0x0000000082400000, 0x0000000100000000)
  region size 1024K, 3 young (3072K), 3 survivors (3072K)
 Metaspace       used 33100K, committed 33536K, reserved 1081344K
  class space    used 4841K, committed 5056K, reserved 1048576K
}
Event: 3.182 GC heap before
{Heap before GC invocations=13 (full 0):
 garbage-first heap   total 78848K, used 57287K [0x0000000082400000, 0x0000000100000000)
  region size 1024K, 29 young (29696K), 3 survivors (3072K)
 Metaspace       used 33122K, committed 33536K, reserved 1081344K
  class space    used 4844K, committed 5056K, reserved 1048576K
}
Event: 3.185 GC heap after
{Heap after GC invocations=14 (full 0):
 garbage-first heap   total 78848K, used 32394K [0x0000000082400000, 0x0000000100000000)
  region size 1024K, 3 young (3072K), 3 survivors (3072K)
 Metaspace       used 33122K, committed 33536K, reserved 1081344K
  class space    used 4844K, committed 5056K, reserved 1048576K
}
Event: 3.232 GC heap before
{Heap before GC invocations=14 (full 0):
 garbage-first heap   total 78848K, used 59018K [0x0000000082400000, 0x0000000100000000)
  region size 1024K, 30 young (30720K), 3 survivors (3072K)
 Metaspace       used 33148K, committed 33536K, reserved 1081344K
  class space    used 4847K, committed 5056K, reserved 1048576K
}
Event: 3.234 GC heap after
{Heap after GC invocations=15 (full 0):
 garbage-first heap   total 114688K, used 33294K [0x0000000082400000, 0x0000000100000000)
  region size 1024K, 3 young (3072K), 3 survivors (3072K)
 Metaspace       used 33148K, committed 33536K, reserved 1081344K
  class space    used 4847K, committed 5056K, reserved 1048576K
}
Event: 3.323 GC heap before
{Heap before GC invocations=15 (full 0):
 garbage-first heap   total 114688K, used 86542K [0x0000000082400000, 0x0000000100000000)
  region size 1024K, 56 young (57344K), 3 survivors (3072K)
 Metaspace       used 33159K, committed 33536K, reserved 1081344K
  class space    used 4851K, committed 5056K, reserved 1048576K
}
Event: 3.325 GC heap after
{Heap after GC invocations=16 (full 0):
 garbage-first heap   total 114688K, used 34947K [0x0000000082400000, 0x0000000100000000)
  region size 1024K, 5 young (5120K), 5 survivors (5120K)
 Metaspace       used 33159K, committed 33536K, reserved 1081344K
  class space    used 4851K, committed 5056K, reserved 1048576K
}
Event: 3.405 GC heap before
{Heap before GC invocations=16 (full 0):
 garbage-first heap   total 114688K, used 89219K [0x0000000082400000, 0x0000000100000000)
  region size 1024K, 59 young (60416K), 5 survivors (5120K)
 Metaspace       used 33165K, committed 33536K, reserved 1081344K
  class space    used 4851K, committed 5056K, reserved 1048576K
}
Event: 3.407 GC heap after
{Heap after GC invocations=17 (full 0):
 garbage-first heap   total 114688K, used 36505K [0x0000000082400000, 0x0000000100000000)
  region size 1024K, 6 young (6144K), 6 survivors (6144K)
 Metaspace       used 33165K, committed 33536K, reserved 1081344K
  class space    used 4851K, committed 5056K, reserved 1048576K
}
Event: 3.492 GC heap before
{Heap before GC invocations=17 (full 0):
 garbage-first heap   total 114688K, used 90777K [0x0000000082400000, 0x0000000100000000)
  region size 1024K, 60 young (61440K), 6 survivors (6144K)
 Metaspace       used 33233K, committed 33600K, reserved 1081344K
  class space    used 4858K, committed 5056K, reserved 1048576K
}
Event: 3.495 GC heap after
{Heap after GC invocations=18 (full 0):
 garbage-first heap   total 114688K, used 38185K [0x0000000082400000, 0x0000000100000000)
  region size 1024K, 6 young (6144K), 6 survivors (6144K)
 Metaspace       used 33233K, committed 33600K, reserved 1081344K
  class space    used 4858K, committed 5056K, reserved 1048576K
}
Event: 3.578 GC heap before
{Heap before GC invocations=18 (full 0):
 garbage-first heap   total 114688K, used 91433K [0x0000000082400000, 0x0000000100000000)
  region size 1024K, 59 young (60416K), 6 survivors (6144K)
 Metaspace       used 33246K, committed 33600K, reserved 1081344K
  class space    used 4858K, committed 5056K, reserved 1048576K
}
Event: 3.581 GC heap after
{Heap after GC invocations=19 (full 0):
 garbage-first heap   total 147456K, used 39835K [0x0000000082400000, 0x0000000100000000)
  region size 1024K, 5 young (5120K), 5 survivors (5120K)
 Metaspace       used 33246K, committed 33600K, reserved 1081344K
  class space    used 4858K, committed 5056K, reserved 1048576K
}
Event: 3.709 GC heap before
{Heap before GC invocations=19 (full 0):
 garbage-first heap   total 147456K, used 118683K [0x0000000082400000, 0x0000000100000000)
  region size 1024K, 83 young (84992K), 5 survivors (5120K)
 Metaspace       used 33305K, committed 33728K, reserved 1081344K
  class space    used 4866K, committed 5056K, reserved 1048576K
}
Event: 3.713 GC heap after
{Heap after GC invocations=20 (full 0):
 garbage-first heap   total 147456K, used 41883K [0x0000000082400000, 0x0000000100000000)
  region size 1024K, 7 young (7168K), 7 survivors (7168K)
 Metaspace       used 33305K, committed 33728K, reserved 1081344K
  class space    used 4866K, committed 5056K, reserved 1048576K
}
Event: 4.036 GC heap before
{Heap before GC invocations=20 (full 0):
 garbage-first heap   total 147456K, used 120731K [0x0000000082400000, 0x0000000100000000)
  region size 1024K, 85 young (87040K), 7 survivors (7168K)
 Metaspace       used 34015K, committed 34432K, reserved 1081344K
  class space    used 4932K, committed 5120K, reserved 1048576K
}
Event: 4.045 GC heap after
{Heap after GC invocations=21 (full 0):
 garbage-first heap   total 147456K, used 50649K [0x0000000082400000, 0x0000000100000000)
  region size 1024K, 11 young (11264K), 11 survivors (11264K)
 Metaspace       used 34015K, committed 34432K, reserved 1081344K
  class space    used 4932K, committed 5120K, reserved 1048576K
}
Event: 4.126 GC heap before
{Heap before GC invocations=21 (full 0):
 garbage-first heap   total 147456K, used 112089K [0x0000000082400000, 0x0000000100000000)
  region size 1024K, 72 young (73728K), 11 survivors (11264K)
 Metaspace       used 34053K, committed 34432K, reserved 1081344K
  class space    used 4932K, committed 5120K, reserved 1048576K
}
Event: 4.138 GC heap after
{Heap after GC invocations=22 (full 0):
 garbage-first heap   total 147456K, used 60157K [0x0000000082400000, 0x0000000100000000)
  region size 1024K, 9 young (9216K), 9 survivors (9216K)
 Metaspace       used 34053K, committed 34432K, reserved 1081344K
  class space    used 4932K, committed 5120K, reserved 1048576K
}
Event: 4.158 GC heap before
{Heap before GC invocations=22 (full 0):
 garbage-first heap   total 147456K, used 112381K [0x0000000082400000, 0x0000000100000000)
  region size 1024K, 61 young (62464K), 9 survivors (9216K)
 Metaspace       used 34059K, committed 34432K, reserved 1081344K
  class space    used 4932K, committed 5120K, reserved 1048576K
}

Deoptimization events (20 events):
Event: 4.109 Thread 0x000001ed338dc9b0 Uncommon trap: trap_request=0xffffffde fr.pc=0x000001ed18d6a1f8 relative=0x0000000000004118
Event: 4.109 Thread 0x000001ed338df9d0 DEOPT UNPACKING pc=0x000001ed110c23a3 sp=0x00000018350fed30 mode 2
Event: 4.109 Thread 0x000001ed338dc9b0 Uncommon trap: reason=class_check action=maybe_recompile pc=0x000001ed18d6a1f8 method=io.github.classgraph.Classfile.<init>(Lio/github/classgraph/ClasspathElement;Ljava/util/List;Ljava/util/Set;Ljava/util/Set;Ljava/lang/String;Lio/github/classgraph/Resour
Event: 4.109 Thread 0x000001ed338e0370 Uncommon trap: trap_request=0xffffffde fr.pc=0x000001ed18d6a1f8 relative=0x0000000000004118
Event: 4.109 Thread 0x000001ed338ddcf0 DEOPT UNPACKING pc=0x000001ed110c23a3 sp=0x0000001834dfee30 mode 2
Event: 4.109 Thread 0x000001ed338e0370 Uncommon trap: reason=class_check action=maybe_recompile pc=0x000001ed18d6a1f8 method=io.github.classgraph.Classfile.<init>(Lio/github/classgraph/ClasspathElement;Ljava/util/List;Ljava/util/Set;Ljava/util/Set;Ljava/lang/String;Lio/github/classgraph/Resour
Event: 4.109 Thread 0x000001ed338dc9b0 DEOPT PACKING pc=0x000001ed18d6a1f8 sp=0x0000001833cfef70
Event: 4.109 Thread 0x000001ed338dc9b0 DEOPT UNPACKING pc=0x000001ed110c23a3 sp=0x0000001833cfef30 mode 2
Event: 4.109 Thread 0x000001ed338e0370 DEOPT PACKING pc=0x000001ed18d6a1f8 sp=0x0000001834ffecf0
Event: 4.109 Thread 0x000001ed338e0370 DEOPT UNPACKING pc=0x000001ed110c23a3 sp=0x0000001834ffecb0 mode 2
Event: 4.116 Thread 0x000001ed338dc9b0 Uncommon trap: trap_request=0xffffff45 fr.pc=0x000001ed18d5b944 relative=0x0000000000001684
Event: 4.116 Thread 0x000001ed338dc9b0 Uncommon trap: reason=unstable_if action=reinterpret pc=0x000001ed18d5b944 method=io.github.classgraph.Classfile.readBasicClassInfo()V @ 98 c2
Event: 4.116 Thread 0x000001ed338dc9b0 DEOPT PACKING pc=0x000001ed18d5b944 sp=0x0000001833cfeed0
Event: 4.116 Thread 0x000001ed338dc9b0 DEOPT UNPACKING pc=0x000001ed110c23a3 sp=0x0000001833cfee98 mode 2
Event: 4.121 Thread 0x000001ed338dfea0 DEOPT PACKING pc=0x000001ed11e9ea62 sp=0x00000018351fe520
Event: 4.121 Thread 0x000001ed338dfea0 DEOPT UNPACKING pc=0x000001ed110c2b43 sp=0x00000018351fda48 mode 0
Event: 4.122 Thread 0x000001ed338e0370 DEOPT PACKING pc=0x000001ed11e9ea41 sp=0x0000001834ffe950
Event: 4.122 Thread 0x000001ed338e0370 DEOPT UNPACKING pc=0x000001ed110c2b43 sp=0x0000001834ffde60 mode 0
Event: 4.147 Thread 0x000001ed338e2050 DEOPT PACKING pc=0x000001ed11e9ea41 sp=0x0000001834efecb0
Event: 4.147 Thread 0x000001ed338e2050 DEOPT UNPACKING pc=0x000001ed110c2b43 sp=0x0000001834efe1d8 mode 0

Classes unloaded (0 events):
No events

Classes redefined (0 events):
No events

Internal exceptions (20 events):
Event: 3.704 Thread 0x000001ed338e0d10 Exception <a 'sun/nio/fs/WindowsException'{0x0000000086dff768}> (0x0000000086dff768) 
thrown [s\src\hotspot\share\prims\jni.cpp, line 516]
Event: 3.704 Thread 0x000001ed338e0d10 Exception <a 'sun/nio/fs/WindowsException'{0x0000000086dffd58}> (0x0000000086dffd58) 
thrown [s\src\hotspot\share\prims\jni.cpp, line 516]
Event: 3.721 Thread 0x000001ed338df9d0 Exception <a 'sun/nio/fs/WindowsException'{0x000000008af71b10}> (0x000000008af71b10) 
thrown [s\src\hotspot\share\prims\jni.cpp, line 516]
Event: 3.721 Thread 0x000001ed338df9d0 Exception <a 'sun/nio/fs/WindowsException'{0x000000008af72178}> (0x000000008af72178) 
thrown [s\src\hotspot\share\prims\jni.cpp, line 516]
Event: 3.735 Thread 0x000001ed338e1b80 Implicit null exception at 0x000001ed18d40329 to 0x000001ed18d405d4
Event: 3.735 Thread 0x000001ed338dfea0 Implicit null exception at 0x000001ed18d40329 to 0x000001ed18d405d4
Event: 3.735 Thread 0x000001ed338df9d0 Implicit null exception at 0x000001ed18d40329 to 0x000001ed18d405d4
Event: 3.736 Thread 0x000001ed338ddcf0 Implicit null exception at 0x000001ed18d277e0 to 0x000001ed18d28634
Event: 3.866 Thread 0x000001ed2deea8f0 Exception <a 'java/lang/ClassNotFoundException'{0x0000000089c6ffd8}: sun/net/www/protocol/c/Handler> (0x0000000089c6ffd8) 
thrown [s\src\hotspot\share\classfile\systemDictionary.cpp, line 256]
Event: 3.866 Thread 0x000001ed2deea8f0 Exception <a 'java/lang/ClassNotFoundException'{0x0000000089c71ef0}: sun/net/www/protocol/c/Handler> (0x0000000089c71ef0) 
thrown [s\src\hotspot\share\classfile\systemDictionary.cpp, line 256]
Event: 3.867 Thread 0x000001ed2deea8f0 Exception <a 'java/lang/ClassNotFoundException'{0x0000000089c73ea8}: sun/net/www/protocol/c/Handler> (0x0000000089c73ea8) 
thrown [s\src\hotspot\share\classfile\systemDictionary.cpp, line 256]
Event: 3.867 Thread 0x000001ed2deea8f0 Exception <a 'java/lang/ClassNotFoundException'{0x0000000089c75e90}: sun/net/www/protocol/c/Handler> (0x0000000089c75e90) 
thrown [s\src\hotspot\share\classfile\systemDictionary.cpp, line 256]
Event: 3.867 Thread 0x000001ed2deea8f0 Exception <a 'java/lang/ClassNotFoundException'{0x0000000089c77ec0}: sun/net/www/protocol/c/Handler> (0x0000000089c77ec0) 
thrown [s\src\hotspot\share\classfile\systemDictionary.cpp, line 256]
Event: 3.867 Thread 0x000001ed2deea8f0 Exception <a 'java/lang/ClassNotFoundException'{0x0000000089c79eb0}: sun/net/www/protocol/c/Handler> (0x0000000089c79eb0) 
thrown [s\src\hotspot\share\classfile\systemDictionary.cpp, line 256]
Event: 3.868 Thread 0x000001ed2deea8f0 Exception <a 'java/lang/ClassNotFoundException'{0x0000000089c7bec8}: sun/net/www/protocol/c/Handler> (0x0000000089c7bec8) 
thrown [s\src\hotspot\share\classfile\systemDictionary.cpp, line 256]
Event: 3.868 Thread 0x000001ed2deea8f0 Exception <a 'java/lang/ClassNotFoundException'{0x0000000089c7def8}: sun/net/www/protocol/c/Handler> (0x0000000089c7def8) 
thrown [s\src\hotspot\share\classfile\systemDictionary.cpp, line 256]
Event: 3.868 Thread 0x000001ed2deea8f0 Exception <a 'java/lang/ClassNotFoundException'{0x0000000089c7fee8}: sun/net/www/protocol/c/Handler> (0x0000000089c7fee8) 
thrown [s\src\hotspot\share\classfile\systemDictionary.cpp, line 256]
Event: 3.868 Thread 0x000001ed2deea8f0 Exception <a 'java/lang/ClassNotFoundException'{0x0000000089c81ea0}: sun/net/www/protocol/c/Handler> (0x0000000089c81ea0) 
thrown [s\src\hotspot\share\classfile\systemDictionary.cpp, line 256]
Event: 3.868 Thread 0x000001ed2deea8f0 Exception <a 'java/lang/ClassNotFoundException'{0x0000000089c840a0}: sun/net/www/protocol/c/Handler> (0x0000000089c840a0) 
thrown [s\src\hotspot\share\classfile\systemDictionary.cpp, line 256]
Event: 3.868 Thread 0x000001ed2deea8f0 Exception <a 'java/lang/ClassNotFoundException'{0x0000000089c86060}: sun/net/www/protocol/c/Handler> (0x0000000089c86060) 
thrown [s\src\hotspot\share\classfile\systemDictionary.cpp, line 256]

VM Operations (20 events):
Event: 3.408 Executing VM operation: G1CollectForAllocation done
Event: 3.492 Executing VM operation: G1CollectForAllocation
Event: 3.492 Executing VM operation: G1CollectForAllocation done
Event: 3.492 Executing VM operation: G1CollectForAllocation
Event: 3.495 Executing VM operation: G1CollectForAllocation done
Event: 3.577 Executing VM operation: G1CollectForAllocation
Event: 3.577 Executing VM operation: G1CollectForAllocation done
Event: 3.577 Executing VM operation: G1CollectForAllocation
Event: 3.581 Executing VM operation: G1CollectForAllocation done
Event: 3.709 Executing VM operation: G1CollectForAllocation
Event: 3.713 Executing VM operation: G1CollectForAllocation done
Event: 3.832 Executing VM operation: HandshakeAllThreads
Event: 3.832 Executing VM operation: HandshakeAllThreads done
Event: 3.870 Executing VM operation: HandshakeAllThreads
Event: 3.870 Executing VM operation: HandshakeAllThreads done
Event: 4.036 Executing VM operation: G1CollectForAllocation
Event: 4.045 Executing VM operation: G1CollectForAllocation done
Event: 4.125 Executing VM operation: G1CollectForAllocation
Event: 4.139 Executing VM operation: G1CollectForAllocation done
Event: 4.158 Executing VM operation: G1CollectForAllocation

Events (20 events):
Event: 3.911 loading class jdk/internal/jimage/ImageReader$Directory
Event: 3.911 loading class jdk/internal/jimage/ImageReader$Node
Event: 3.911 loading class jdk/internal/jimage/ImageReader$Node done
Event: 3.911 loading class jdk/internal/jimage/ImageReader$Directory done
Event: 3.911 loading class jdk/internal/jimage/ImageReader$SharedImageReader$LocationVisitor
Event: 3.911 loading class jdk/internal/jimage/ImageReader$SharedImageReader$LocationVisitor done
Event: 3.912 loading class jdk/internal/jimage/ImageBufferCache
Event: 3.912 loading class jdk/internal/jimage/ImageBufferCache done
Event: 3.912 loading class jdk/internal/jimage/ImageBufferCache$1
Event: 3.912 loading class jdk/internal/jimage/ImageBufferCache$1 done
Event: 3.912 loading class jdk/internal/jimage/ImageBufferCache$2
Event: 3.912 loading class jdk/internal/jimage/ImageBufferCache$2 done
Event: 3.912 loading class java/nio/ByteBufferAsIntBufferL
Event: 3.912 loading class java/nio/ByteBufferAsIntBufferL done
Event: 3.913 loading class jdk/internal/jimage/ImageReader$Resource
Event: 3.913 loading class jdk/internal/jimage/ImageReader$Resource done
Event: 3.914 loading class java/util/function/UnaryOperator
Event: 3.914 loading class java/util/function/UnaryOperator done
Event: 3.914 loading class java/util/stream/LongStream
Event: 3.914 loading class java/util/stream/LongStream done


Dynamic libraries:
0x00007ff6e6350000 - 0x00007ff6e635e000 	C:\Program Files\Greenfoot\jdk\bin\javaw.exe
0x00007ffb45970000 - 0x00007ffb45b87000 	C:\WINDOWS\SYSTEM32\ntdll.dll
0x00007ffb43770000 - 0x00007ffb43834000 	C:\WINDOWS\System32\KERNEL32.DLL
0x00007ffb43030000 - 0x00007ffb433d6000 	C:\WINDOWS\System32\KERNELBASE.dll
0x00007ffb435a0000 - 0x00007ffb436b1000 	C:\WINDOWS\System32\ucrtbase.dll
0x00007ffb3c7d0000 - 0x00007ffb3c7e8000 	C:\Program Files\Greenfoot\jdk\bin\jli.dll
0x00007ffb3c4a0000 - 0x00007ffb3c4b9000 	C:\Program Files\Greenfoot\jdk\bin\VCRUNTIME140.dll
0x00007ffb44710000 - 0x00007ffb448be000 	C:\WINDOWS\System32\USER32.dll
0x00007ffb2e9f0000 - 0x00007ffb2ec83000 	C:\WINDOWS\WinSxS\amd64_microsoft.windows.common-controls_6595b64144ccf1df_6.0.22621.2506_none_270c5ae97388e100\COMCTL32.dll
0x00007ffb43500000 - 0x00007ffb43526000 	C:\WINDOWS\System32\win32u.dll
0x00007ffb44500000 - 0x00007ffb44529000 	C:\WINDOWS\System32\GDI32.dll
0x00007ffb44650000 - 0x00007ffb446f7000 	C:\WINDOWS\System32\msvcrt.dll
0x00007ffb433e0000 - 0x00007ffb434f8000 	C:\WINDOWS\System32\gdi32full.dll
0x00007ffb42e20000 - 0x00007ffb42eba000 	C:\WINDOWS\System32\msvcp_win.dll
0x00007ffb44900000 - 0x00007ffb44931000 	C:\WINDOWS\System32\IMM32.DLL
0x00007ffb3fc10000 - 0x00007ffb3fc1c000 	C:\Program Files\Greenfoot\jdk\bin\vcruntime140_1.dll
0x00007ffb0e510000 - 0x00007ffb0e5a1000 	C:\Program Files\Greenfoot\jdk\bin\msvcp140.dll
0x00007ffaf2620000 - 0x00007ffaf3266000 	C:\Program Files\Greenfoot\jdk\bin\server\jvm.dll
0x00007ffb456c0000 - 0x00007ffb45773000 	C:\WINDOWS\System32\ADVAPI32.dll
0x00007ffb436c0000 - 0x00007ffb43768000 	C:\WINDOWS\System32\sechost.dll
0x00007ffb42d70000 - 0x00007ffb42d98000 	C:\WINDOWS\System32\bcrypt.dll
0x00007ffb44530000 - 0x00007ffb44647000 	C:\WINDOWS\System32\RPCRT4.dll
0x00007ffb44700000 - 0x00007ffb44708000 	C:\WINDOWS\System32\PSAPI.DLL
0x00007ffb39370000 - 0x00007ffb39379000 	C:\WINDOWS\SYSTEM32\WSOCK32.dll
0x00007ffb3c3b0000 - 0x00007ffb3c3e4000 	C:\WINDOWS\SYSTEM32\WINMM.dll
0x00007ffb3a8e0000 - 0x00007ffb3a8ea000 	C:\WINDOWS\SYSTEM32\VERSION.dll
0x00007ffb44180000 - 0x00007ffb441f1000 	C:\WINDOWS\System32\WS2_32.dll
0x00007ffb41cf0000 - 0x00007ffb41d08000 	C:\WINDOWS\SYSTEM32\kernel.appcore.dll
0x00007ffb35da0000 - 0x00007ffb35daa000 	C:\Program Files\Greenfoot\jdk\bin\jimage.dll
0x00007ffb40790000 - 0x00007ffb409c3000 	C:\WINDOWS\SYSTEM32\DBGHELP.DLL
0x00007ffb44eb0000 - 0x00007ffb45239000 	C:\WINDOWS\System32\combase.dll
0x00007ffb440a0000 - 0x00007ffb44177000 	C:\WINDOWS\System32\OLEAUT32.dll
0x00007ffb2d240000 - 0x00007ffb2d272000 	C:\WINDOWS\SYSTEM32\dbgcore.DLL
0x00007ffb42da0000 - 0x00007ffb42e1a000 	C:\WINDOWS\System32\bcryptPrimitives.dll
0x00007ffb2d280000 - 0x00007ffb2d2a5000 	C:\Program Files\Greenfoot\jdk\bin\java.dll
0x00007ffb0a860000 - 0x00007ffb0a936000 	C:\Program Files\Greenfoot\jdk\bin\jsvml.dll
0x00007ffb43840000 - 0x00007ffb4409b000 	C:\WINDOWS\System32\SHELL32.dll
0x00007ffb40c10000 - 0x00007ffb41506000 	C:\WINDOWS\SYSTEM32\windows.storage.dll
0x00007ffb40ad0000 - 0x00007ffb40c0e000 	C:\WINDOWS\SYSTEM32\wintypes.dll
0x00007ffb44940000 - 0x00007ffb44a33000 	C:\WINDOWS\System32\SHCORE.dll
0x00007ffb45840000 - 0x00007ffb4589e000 	C:\WINDOWS\System32\shlwapi.dll
0x00007ffb42be0000 - 0x00007ffb42c06000 	C:\WINDOWS\SYSTEM32\profapi.dll
0x00007ffb2ad20000 - 0x00007ffb2ad39000 	C:\Program Files\Greenfoot\jdk\bin\net.dll
0x00007ffb3c610000 - 0x00007ffb3c747000 	C:\WINDOWS\SYSTEM32\WINHTTP.dll
0x00007ffb42170000 - 0x00007ffb421d9000 	C:\WINDOWS\system32\mswsock.dll
0x00007ffb23fc0000 - 0x00007ffb23fd5000 	C:\Program Files\Greenfoot\jdk\bin\nio.dll
0x00007ffb1d930000 - 0x00007ffb1d948000 	C:\Program Files\Greenfoot\jdk\bin\zip.dll
0x000001ed09540000 - 0x000001ed09543000 	C:\Users\elena\.openjfx\cache\20.0.1+2\amd64\api-ms-win-core-console-l1-1-0.dll
0x000001ed09550000 - 0x000001ed09553000 	C:\Users\elena\.openjfx\cache\20.0.1+2\amd64\api-ms-win-core-console-l1-2-0.dll
0x000001ed27bc0000 - 0x000001ed27bc3000 	C:\Users\elena\.openjfx\cache\20.0.1+2\amd64\api-ms-win-core-datetime-l1-1-0.dll
0x000001ed27bd0000 - 0x000001ed27bd3000 	C:\Users\elena\.openjfx\cache\20.0.1+2\amd64\api-ms-win-core-debug-l1-1-0.dll
0x000001ed27be0000 - 0x000001ed27be3000 	C:\Users\elena\.openjfx\cache\20.0.1+2\amd64\api-ms-win-core-errorhandling-l1-1-0.dll
0x000001ed27bf0000 - 0x000001ed27bf4000 	C:\Users\elena\.openjfx\cache\20.0.1+2\amd64\api-ms-win-core-file-l1-1-0.dll
0x000001ed29000000 - 0x000001ed29003000 	C:\Users\elena\.openjfx\cache\20.0.1+2\amd64\api-ms-win-core-file-l1-2-0.dll
0x000001ed29010000 - 0x000001ed29013000 	C:\Users\elena\.openjfx\cache\20.0.1+2\amd64\api-ms-win-core-file-l2-1-0.dll
0x000001ed29020000 - 0x000001ed29023000 	C:\Users\elena\.openjfx\cache\20.0.1+2\amd64\api-ms-win-core-handle-l1-1-0.dll
0x000001ed29030000 - 0x000001ed29033000 	C:\Users\elena\.openjfx\cache\20.0.1+2\amd64\api-ms-win-core-heap-l1-1-0.dll
0x000001ed29040000 - 0x000001ed29043000 	C:\Users\elena\.openjfx\cache\20.0.1+2\amd64\api-ms-win-core-interlocked-l1-1-0.dll
0x000001ed29050000 - 0x000001ed29053000 	C:\Users\elena\.openjfx\cache\20.0.1+2\amd64\api-ms-win-core-libraryloader-l1-1-0.dll
0x000001ed29060000 - 0x000001ed29063000 	C:\Users\elena\.openjfx\cache\20.0.1+2\amd64\api-ms-win-core-localization-l1-2-0.dll
0x000001ed29070000 - 0x000001ed29073000 	C:\Users\elena\.openjfx\cache\20.0.1+2\amd64\api-ms-win-core-memory-l1-1-0.dll
0x000001ed29080000 - 0x000001ed29083000 	C:\Users\elena\.openjfx\cache\20.0.1+2\amd64\api-ms-win-core-namedpipe-l1-1-0.dll
0x000001ed29090000 - 0x000001ed29093000 	C:\Users\elena\.openjfx\cache\20.0.1+2\amd64\api-ms-win-core-processenvironment-l1-1-0.dll
0x000001ed290a0000 - 0x000001ed290a3000 	C:\Users\elena\.openjfx\cache\20.0.1+2\amd64\api-ms-win-core-processthreads-l1-1-0.dll
0x000001ed290b0000 - 0x000001ed290b3000 	C:\Users\elena\.openjfx\cache\20.0.1+2\amd64\api-ms-win-core-processthreads-l1-1-1.dll
0x000001ed290c0000 - 0x000001ed290c3000 	C:\Users\elena\.openjfx\cache\20.0.1+2\amd64\api-ms-win-core-profile-l1-1-0.dll
0x000001ed290d0000 - 0x000001ed290d3000 	C:\Users\elena\.openjfx\cache\20.0.1+2\amd64\api-ms-win-core-rtlsupport-l1-1-0.dll
0x000001ed290e0000 - 0x000001ed290e3000 	C:\Users\elena\.openjfx\cache\20.0.1+2\amd64\api-ms-win-core-string-l1-1-0.dll
0x000001ed290f0000 - 0x000001ed290f3000 	C:\Users\elena\.openjfx\cache\20.0.1+2\amd64\api-ms-win-core-synch-l1-1-0.dll
0x000001ed29100000 - 0x000001ed29103000 	C:\Users\elena\.openjfx\cache\20.0.1+2\amd64\api-ms-win-core-synch-l1-2-0.dll
0x000001ed29110000 - 0x000001ed29113000 	C:\Users\elena\.openjfx\cache\20.0.1+2\amd64\api-ms-win-core-sysinfo-l1-1-0.dll
0x000001ed29120000 - 0x000001ed29123000 	C:\Users\elena\.openjfx\cache\20.0.1+2\amd64\api-ms-win-core-timezone-l1-1-0.dll
0x000001ed29130000 - 0x000001ed29133000 	C:\Users\elena\.openjfx\cache\20.0.1+2\amd64\api-ms-win-core-util-l1-1-0.dll
0x000001ed29140000 - 0x000001ed29143000 	C:\Users\elena\.openjfx\cache\20.0.1+2\amd64\api-ms-win-crt-conio-l1-1-0.dll
0x000001ed29150000 - 0x000001ed29154000 	C:\Users\elena\.openjfx\cache\20.0.1+2\amd64\api-ms-win-crt-convert-l1-1-0.dll
0x000001ed29160000 - 0x000001ed29163000 	C:\Users\elena\.openjfx\cache\20.0.1+2\amd64\api-ms-win-crt-environment-l1-1-0.dll
0x000001ed29170000 - 0x000001ed29173000 	C:\Users\elena\.openjfx\cache\20.0.1+2\amd64\api-ms-win-crt-filesystem-l1-1-0.dll
0x000001ed29180000 - 0x000001ed29183000 	C:\Users\elena\.openjfx\cache\20.0.1+2\amd64\api-ms-win-crt-heap-l1-1-0.dll
0x000001ed29190000 - 0x000001ed29193000 	C:\Users\elena\.openjfx\cache\20.0.1+2\amd64\api-ms-win-crt-locale-l1-1-0.dll
0x000001ed291a0000 - 0x000001ed291a5000 	C:\Users\elena\.openjfx\cache\20.0.1+2\amd64\api-ms-win-crt-math-l1-1-0.dll
0x000001ed291b0000 - 0x000001ed291b5000 	C:\Users\elena\.openjfx\cache\20.0.1+2\amd64\api-ms-win-crt-multibyte-l1-1-0.dll
0x000001ed291c0000 - 0x000001ed291d0000 	C:\Users\elena\.openjfx\cache\20.0.1+2\amd64\api-ms-win-crt-private-l1-1-0.dll
0x000001ed291d0000 - 0x000001ed291d3000 	C:\Users\elena\.openjfx\cache\20.0.1+2\amd64\api-ms-win-crt-process-l1-1-0.dll
0x000001ed291e0000 - 0x000001ed291e4000 	C:\Users\elena\.openjfx\cache\20.0.1+2\amd64\api-ms-win-crt-runtime-l1-1-0.dll
0x000001ed291f0000 - 0x000001ed291f4000 	C:\Users\elena\.openjfx\cache\20.0.1+2\amd64\api-ms-win-crt-stdio-l1-1-0.dll
0x000001ed29200000 - 0x000001ed29204000 	C:\Users\elena\.openjfx\cache\20.0.1+2\amd64\api-ms-win-crt-string-l1-1-0.dll
0x000001ed29210000 - 0x000001ed29213000 	C:\Users\elena\.openjfx\cache\20.0.1+2\amd64\api-ms-win-crt-time-l1-1-0.dll
0x000001ed29220000 - 0x000001ed29223000 	C:\Users\elena\.openjfx\cache\20.0.1+2\amd64\api-ms-win-crt-utility-l1-1-0.dll
0x00007ffafc1f0000 - 0x00007ffafc2ec000 	C:\Users\elena\.openjfx\cache\20.0.1+2\amd64\ucrtbase.dll
0x00007ffb19a70000 - 0x00007ffb19a8b000 	C:\Users\elena\.openjfx\cache\20.0.1+2\amd64\vcruntime140.dll
0x00007ffb323b0000 - 0x00007ffb323bc000 	C:\Users\elena\.openjfx\cache\20.0.1+2\amd64\vcruntime140_1.dll
0x00007ffb03590000 - 0x00007ffb0361e000 	C:\Users\elena\.openjfx\cache\20.0.1+2\amd64\msvcp140.dll
0x00007ffb320d0000 - 0x00007ffb320d9000 	C:\Users\elena\.openjfx\cache\20.0.1+2\amd64\msvcp140_1.dll
0x00007ffb184d0000 - 0x00007ffb18500000 	C:\Users\elena\.openjfx\cache\20.0.1+2\amd64\msvcp140_2.dll
0x00007ffb16670000 - 0x00007ffb1669f000 	C:\Users\elena\.openjfx\cache\20.0.1+2\amd64\prism_d3d.dll
0x00007ffb042b0000 - 0x00007ffb04459000 	C:\WINDOWS\system32\d3d9.dll
0x00007ffb40270000 - 0x00007ffb4029b000 	C:\WINDOWS\SYSTEM32\dwmapi.dll
0x00007ffb3ff40000 - 0x00007ffb3ff79000 	C:\WINDOWS\SYSTEM32\dxcore.dll
0x00007ffb3fe40000 - 0x00007ffb3feeb000 	C:\WINDOWS\system32\uxtheme.dll
0x00007ffafab90000 - 0x00007ffafacf3000 	C:\WINDOWS\System32\DriverStore\FileRepository\iigd_dch.inf_amd64_e9b40d45ab4dc6b8\igdumdim64.dll
0x00007ffadb410000 - 0x00007ffadee14000 	C:\WINDOWS\System32\DriverStore\FileRepository\iigd_dch.inf_amd64_e9b40d45ab4dc6b8\igd9dxva64.dll
0x00007ffb44260000 - 0x00007ffb44400000 	C:\WINDOWS\System32\ole32.dll
0x00007ffb45240000 - 0x00007ffb456b4000 	C:\WINDOWS\System32\SETUPAPI.dll
0x00007ffb428b0000 - 0x00007ffb428fe000 	C:\WINDOWS\SYSTEM32\cfgmgr32.dll
0x00007ffb35880000 - 0x00007ffb35abf000 	C:\WINDOWS\System32\DriverStore\FileRepository\iigd_dch.inf_amd64_e9b40d45ab4dc6b8\igdgmm64.dll
0x00007ffb3c200000 - 0x00007ffb3c24a000 	C:\WINDOWS\SYSTEM32\directxdatabasehelper.dll
0x00007ffb14800000 - 0x00007ffb14842000 	C:\Users\elena\.openjfx\cache\20.0.1+2\amd64\glass.dll
0x00007ffb44400000 - 0x00007ffb444f9000 	C:\WINDOWS\System32\COMDLG32.dll
0x00007ffb44b70000 - 0x00007ffb44cc1000 	C:\WINDOWS\System32\MSCTF.dll
0x00007ffb1c5a0000 - 0x00007ffb1c5c7000 	C:\WINDOWS\System32\DriverStore\FileRepository\iigd_dch.inf_amd64_e9b40d45ab4dc6b8\igdinfo64.dll
0x00007ffb32c10000 - 0x00007ffb35872000 	C:\WINDOWS\System32\DriverStore\FileRepository\iigd_dch.inf_amd64_e9b40d45ab4dc6b8\igc64.dll
0x00007ffb18330000 - 0x00007ffb18344000 	C:\Users\elena\.openjfx\cache\20.0.1+2\amd64\javafx_font.dll
0x00007ffb3e740000 - 0x00007ffb3e9b4000 	C:\WINDOWS\SYSTEM32\dwrite.dll
0x00007ffb44ac0000 - 0x00007ffb44b70000 	C:\WINDOWS\System32\clbcatq.dll
0x00007ffb3e4e0000 - 0x00007ffb3e690000 	C:\WINDOWS\SYSTEM32\WindowsCodecs.dll
0x00007ffb2ab20000 - 0x00007ffb2ab7e000 	C:\WINDOWS\system32\dataexchange.dll
0x00007ffb3a350000 - 0x00007ffb3a5d7000 	C:\WINDOWS\system32\twinapi.appcore.dll
0x00007ffb12590000 - 0x00007ffb125c2000 	C:\Program Files\Common Files\Microsoft Shared\Ink\rtscom.dll
0x00007ffb2c970000 - 0x00007ffb2caba000 	C:\WINDOWS\SYSTEM32\textinputframework.dll
0x00007ffb3f880000 - 0x00007ffb3f9b4000 	C:\WINDOWS\SYSTEM32\CoreMessaging.dll
0x00007ffb3b900000 - 0x00007ffb3bc6c000 	C:\WINDOWS\SYSTEM32\CoreUIComponents.dll
0x00007ffb423e0000 - 0x00007ffb423ec000 	C:\WINDOWS\SYSTEM32\CRYPTBASE.DLL
0x00007ffb423c0000 - 0x00007ffb423db000 	C:\WINDOWS\SYSTEM32\CRYPTSP.dll
0x00007ffb41c50000 - 0x00007ffb41c85000 	C:\WINDOWS\system32\rsaenh.dll
0x00007ffb42260000 - 0x00007ffb4228c000 	C:\WINDOWS\SYSTEM32\USERENV.dll
0x00007ffb41770000 - 0x00007ffb4179d000 	C:\WINDOWS\SYSTEM32\IPHLPAPI.DLL
0x00007ffb448c0000 - 0x00007ffb448c9000 	C:\WINDOWS\System32\NSI.dll
0x00007ffb3c250000 - 0x00007ffb3c269000 	C:\WINDOWS\SYSTEM32\dhcpcsvc6.DLL

dbghelp: loaded successfully - version: 4.0.5 - missing functions: none
symbol engine: initialized successfully - sym options: 0x614 - pdb path: .;C:\Program Files\Greenfoot\jdk\bin;C:\WINDOWS\SYSTEM32;C:\WINDOWS\WinSxS\amd64_microsoft.windows.common-controls_6595b64144ccf1df_6.0.22621.2506_none_270c5ae97388e100;C:\Program Files\Greenfoot\jdk\bin\server;C:\Users\elena\.openjfx\cache\20.0.1+2\amd64;C:\WINDOWS\System32\DriverStore\FileRepository\iigd_dch.inf_amd64_e9b40d45ab4dc6b8;C:\Program Files\Common Files\Microsoft Shared\Ink

VM Arguments:
jvm_args: -Dhttps.protocols=TLSv1,TLSv1.1,TLSv1.2 
java_command: bluej.Boot C:\Users\elena\Desktop\ÌSc\2Semester\xynogalos\EvilChickens\project.greenfoot -greenfoot=true -bluej.compiler.showunchecked=false
java_class_path (initial): C:\Program Files\Greenfoot\lib\boot.jar;C:\Program Files\Greenfoot\lib\javafx-base-20.0.1-win.jar;C:\Program Files\Greenfoot\lib\javafx-base-20.0.1.jar;C:\Program Files\Greenfoot\lib\javafx-controls-20.0.1-win.jar;C:\Program Files\Greenfoot\lib\javafx-controls-20.0.1.jar;C:\Program Files\Greenfoot\lib\javafx-fxml-20.0.1-win.jar;C:\Program Files\Greenfoot\lib\javafx-graphics-20.0.1-win.jar;C:\Program Files\Greenfoot\lib\javafx-graphics-20.0.1.jar;C:\Program Files\Greenfoot\lib\javafx-media-20.0.1-win.jar;C:\Program Files\Greenfoot\lib\javafx-media-20.0.1.jar;C:\Program Files\Greenfoot\lib\javafx-swing-20.0.1-win.jar;C:\Program Files\Greenfoot\lib\javafx-web-20.0.1-win.jar
Launcher Type: SUN_STANDARD

[Global flags]
     intx CICompilerCount                          = 4                                         {product} {ergonomic}
     uint ConcGCThreads                            = 2                                         {product} {ergonomic}
     uint G1ConcRefinementThreads                  = 8                                         {product} {ergonomic}
   size_t G1HeapRegionSize                         = 1048576                                   {product} {ergonomic}
    uintx GCDrainStackTargetSize                   = 64                                        {product} {ergonomic}
   size_t InitialHeapSize                          = 132120576                                 {product} {ergonomic}
   size_t MarkStackSize                            = 4194304                                   {product} {ergonomic}
   size_t MaxHeapSize                              = 2109734912                                {product} {ergonomic}
   size_t MaxNewSize                               = 1265631232                                {product} {ergonomic}
   size_t MinHeapDeltaBytes                        = 1048576                                   {product} {ergonomic}
   size_t MinHeapSize                              = 8388608                                   {product} {ergonomic}
    uintx NonNMethodCodeHeapSize                   = 5839372                                {pd product} {ergonomic}
    uintx NonProfiledCodeHeapSize                  = 122909434                              {pd product} {ergonomic}
    uintx ProfiledCodeHeapSize                     = 122909434                              {pd product} {ergonomic}
    uintx ReservedCodeCacheSize                    = 251658240                              {pd product} {ergonomic}
     bool SegmentedCodeCache                       = true                                      {product} {ergonomic}
   size_t SoftMaxHeapSize                          = 2109734912                             {manageable} {ergonomic}
     bool UseCompressedClassPointers               = true                           {product lp64_product} {ergonomic}
     bool UseCompressedOops                        = true                           {product lp64_product} {ergonomic}
     bool UseG1GC                                  = true                                      {product} {ergonomic}
     bool UseLargePagesIndividualAllocation        = false                                  {pd product} {ergonomic}

Logging:
Log output configuration:
 #0: stdout all=warning uptime,level,tags
 #1: stderr all=off uptime,level,tags

Environment Variables:
PATH=C:\Python312\Scripts\;C:\Python312\;C:\Program Files (x86)\Common Files\Oracle\Java\javapath;C:\ProgramData\Oracle\Java\javapath;C:\WINDOWS\system32;C:\WINDOWS;C:\WINDOWS\System32\Wbem;C:\WINDOWS\System32\WindowsPowerShell\v1.0\;C:\WINDOWS\System32\OpenSSH\;C:\Program Files\Common Files\Autodesk Shared\;C:\Program Files\Microsoft SQL Server\120\Tools\Binn\;C:\Program Files\nodejs\;C:\ProgramData\chocolatey\bin;C:\Program Files\Git\cmd;C:\Users\elena\AppData\Local\Microsoft\WindowsApps;;C:\Users\elena\AppData\Local\Programs\Microsoft VS Code\bin;C:\Users\elena\AppData\Roaming\npm
USERNAME=elena
OS=Windows_NT
PROCESSOR_IDENTIFIER=Intel64 Family 6 Model 142 Stepping 11, GenuineIntel
TMP=C:\Users\elena\AppData\Local\Temp
TEMP=C:\Users\elena\AppData\Local\Temp



---------------  S Y S T E M  ---------------

OS:
 Windows 11 , 64 bit Build 22621 (10.0.22621.3085)
OS uptime: 21 days 23:07 hours

CPU: total 8 (initial active 8) (4 cores per cpu, 2 threads per core) family 6 model 142 stepping 11 microcode 0xde, cx8, cmov, fxsr, ht, mmx, 3dnowpref, sse, sse2, sse3, ssse3, sse4.1, sse4.2, popcnt, lzcnt, tsc, tscinvbit, avx, avx2, aes, erms, clmul, bmi1, bmi2, adx, fma, vzeroupper, clflush, clflushopt

Memory: 4k page, system-wide physical 8043M (390M free)
TotalPageFile size 9944M (AvailPageFile size 22M)
current process WorkingSet (physical memory assigned to process): 366M, peak: 367M
current process commit charge ("private bytes"): 390M, peak: 475M

vm_info: OpenJDK 64-Bit Server VM (17.0.4.1+1) for windows-amd64 JRE (17.0.4.1+1), built on Aug 17 2022 07:42:43 by "temurin" with MS VC++ 16.7 (VS2019)

END.
